<?xml version="1.0" ?>
<coverage version="7.15.2" timestamp="1785280363782" lines-valid="14822" lines-covered="11534" line-rate="0.7782" branches-valid="5268" branches-covered="3325" branch-rate="0.6312" complexity="0">
	<!-- Generated by coverage.py: https://coverage.readthedocs.io/en/7.15.2 -->
	<!-- Based on https://raw.githubusercontent.com/cobertura/web/master/htdocs/xml/coverage-04.dtd -->
	<sources>
		<source>/work/repo/cli_anything</source>
	</sources>
	<packages>
		<package name="homeassistant" line-rate="0.731" branch-rate="0.1966" complexity="0">
			<classes>
				<class name="__init__.py" filename="homeassistant/__init__.py" complexity="0" line-rate="1" branch-rate="1">
					<methods/>
					<lines>
						<line number="3" hits="1"/>
					</lines>
				</class>
				<class name="__main__.py" filename="homeassistant/__main__.py" complexity="0" line-rate="0" branch-rate="1">
					<methods/>
					<lines>
						<line number="3" hits="0"/>
					</lines>
				</class>
				<class name="homeassistant_cli.py" filename="homeassistant/homeassistant_cli.py" complexity="0" line-rate="0.7311" branch-rate="0.1966">
					<methods/>
					<lines>
						<line number="3" hits="1"/>
						<line number="5" hits="1"/>
						<line number="6" hits="1"/>
						<line number="7" hits="1"/>
						<line number="8" hits="1"/>
						<line number="9" hits="1"/>
						<line number="10" hits="1"/>
						<line number="11" hits="1"/>
						<line number="12" hits="1"/>
						<line number="14" hits="1"/>
						<line number="17" hits="1"/>
						<line number="23" hits="1"/>
						<line number="24" hits="1"/>
						<line number="25" hits="0"/>
						<line number="26" hits="0"/>
						<line number="29" hits="1"/>
						<line number="31" hits="1"/>
						<line number="32" hits="1"/>
						<line number="33" hits="1"/>
						<line number="34" hits="1"/>
						<line number="35" hits="1"/>
						<line number="36" hits="1"/>
						<line number="37" hits="1"/>
						<line number="38" hits="1"/>
						<line number="39" hits="1"/>
						<line number="40" hits="1"/>
						<line number="41" hits="1"/>
						<line number="42" hits="1"/>
						<line number="43" hits="1"/>
						<line number="44" hits="1"/>
						<line number="45" hits="1"/>
						<line number="46" hits="1"/>
						<line number="47" hits="1"/>
						<line number="48" hits="1"/>
						<line number="49" hits="1"/>
						<line number="50" hits="1"/>
						<line number="51" hits="1"/>
						<line number="52" hits="1"/>
						<line number="53" hits="1"/>
						<line number="54" hits="1"/>
						<line number="55" hits="1"/>
						<line number="56" hits="1"/>
						<line number="57" hits="1"/>
						<line number="58" hits="1"/>
						<line number="59" hits="1"/>
						<line number="60" hits="1"/>
						<line number="61" hits="1"/>
						<line number="62" hits="1"/>
						<line number="63" hits="1"/>
						<line number="64" hits="1"/>
						<line number="65" hits="1"/>
						<line number="66" hits="1"/>
						<line number="67" hits="1"/>
						<line number="68" hits="1"/>
						<line number="69" hits="1"/>
						<line number="70" hits="1"/>
						<line number="71" hits="1"/>
						<line number="72" hits="1"/>
						<line number="73" hits="1"/>
						<line number="74" hits="1"/>
						<line number="75" hits="1"/>
						<line number="76" hits="1"/>
						<line number="77" hits="1"/>
						<line number="78" hits="1"/>
						<line number="79" hits="1"/>
						<line number="80" hits="1"/>
						<line number="81" hits="1"/>
						<line number="82" hits="1"/>
						<line number="83" hits="1"/>
						<line number="84" hits="1"/>
						<line number="85" hits="1"/>
						<line number="86" hits="1"/>
						<line number="87" hits="1"/>
						<line number="88" hits="1"/>
						<line number="89" hits="1"/>
						<line number="90" hits="1"/>
						<line number="91" hits="1"/>
						<line number="92" hits="1"/>
						<line number="93" hits="1"/>
						<line number="94" hits="1"/>
						<line number="95" hits="1"/>
						<line number="96" hits="1"/>
						<line number="97" hits="1"/>
						<line number="98" hits="1"/>
						<line number="99" hits="1"/>
						<line number="100" hits="1"/>
						<line number="101" hits="1"/>
						<line number="102" hits="1"/>
						<line number="103" hits="1"/>
						<line number="104" hits="1"/>
						<line number="105" hits="1"/>
						<line number="106" hits="1"/>
						<line number="107" hits="1"/>
						<line number="108" hits="1"/>
						<line number="109" hits="1"/>
						<line number="110" hits="1"/>
						<line number="111" hits="1"/>
						<line number="112" hits="1"/>
						<line number="113" hits="1"/>
						<line number="114" hits="1"/>
						<line number="115" hits="1"/>
						<line number="116" hits="1"/>
						<line number="117" hits="1"/>
						<line number="118" hits="1"/>
						<line number="119" hits="1"/>
						<line number="120" hits="1"/>
						<line number="121" hits="1"/>
						<line number="122" hits="1"/>
						<line number="123" hits="1"/>
						<line number="124" hits="1"/>
						<line number="125" hits="1"/>
						<line number="126" hits="1"/>
						<line number="127" hits="1"/>
						<line number="128" hits="1"/>
						<line number="129" hits="1"/>
						<line number="133" hits="1"/>
						<line number="135" hits="1"/>
						<line number="141" hits="1"/>
						<line number="142" hits="0"/>
						<line number="143" hits="0"/>
						<line number="151" hits="1"/>
						<line number="153" hits="1" branch="true" condition-coverage="100% (2/2)"/>
						<line number="154" hits="1"/>
						<line number="155" hits="1"/>
						<line number="156" hits="1" branch="true" condition-coverage="50% (1/2)" missing-branches="157"/>
						<line number="157" hits="0"/>
						<line number="158" hits="1" branch="true" condition-coverage="50% (1/2)" missing-branches="164"/>
						<line number="159" hits="1" branch="true" condition-coverage="100% (2/2)"/>
						<line number="160" hits="1" branch="true" condition-coverage="50% (1/2)" missing-branches="161"/>
						<line number="161" hits="0"/>
						<line number="163" hits="1"/>
						<line number="164" hits="0" branch="true" condition-coverage="0% (0/2)" missing-branches="165,170"/>
						<line number="165" hits="0" branch="true" condition-coverage="0% (0/2)" missing-branches="exit,166"/>
						<line number="166" hits="0" branch="true" condition-coverage="0% (0/2)" missing-branches="167,169"/>
						<line number="167" hits="0"/>
						<line number="169" hits="0"/>
						<line number="170" hits="0" branch="true" condition-coverage="0% (0/2)" missing-branches="171,173"/>
						<line number="171" hits="0"/>
						<line number="173" hits="0"/>
						<line number="176" hits="1"/>
						<line number="189" hits="1" branch="true" condition-coverage="100% (2/2)"/>
						<line number="190" hits="1"/>
						<line number="191" hits="1"/>
						<line number="192" hits="1" branch="true" condition-coverage="50% (1/2)" missing-branches="193"/>
						<line number="193" hits="0"/>
						<line number="195" hits="1"/>
						<line number="198" hits="1"/>
						<line number="202" hits="0"/>
						<line number="205" hits="0"/>
						<line number="206" hits="0"/>
						<line number="207" hits="1"/>
						<line number="208" hits="1"/>
						<line number="209" hits="1" branch="true" condition-coverage="50% (1/2)" missing-branches="210"/>
						<line number="210" hits="0"/>
						<line number="211" hits="1" branch="true" condition-coverage="50% (1/2)" missing-branches="exit"/>
						<line number="212" hits="1"/>
						<line number="213" hits="1"/>
						<line number="219" hits="1"/>
						<line number="227" hits="1"/>
						<line number="229" hits="1"/>
						<line number="232" hits="1"/>
						<line number="233" hits="1"/>
						<line number="234" hits="1"/>
						<line number="235" hits="1"/>
						<line number="249" hits="1"/>
						<line number="255" hits="1"/>
						<line number="256" hits="1" branch="true" condition-coverage="100% (2/2)"/>
						<line number="257" hits="1" branch="true" condition-coverage="100% (2/2)"/>
						<line number="258" hits="1"/>
						<line number="259" hits="1"/>
						<line number="260" hits="1"/>
						<line number="261" hits="1" branch="true" condition-coverage="50% (1/2)" missing-branches="262"/>
						<line number="262" hits="0"/>
						<line number="263" hits="1"/>
						<line number="264" hits="1"/>
						<line number="265" hits="1"/>
						<line number="266" hits="1"/>
						<line number="267" hits="1"/>
						<line number="270" hits="1"/>
						<line number="271" hits="1"/>
						<line number="272" hits="1"/>
						<line number="278" hits="1"/>
						<line number="279" hits="1"/>
						<line number="280" hits="1"/>
						<line number="281" hits="1"/>
						<line number="282" hits="1"/>
						<line number="283" hits="1"/>
						<line number="290" hits="1"/>
						<line number="293" hits="1"/>
						<line number="294" hits="1"/>
						<line number="296" hits="1"/>
						<line number="297" hits="1"/>
						<line number="298" hits="1"/>
						<line number="299" hits="1"/>
						<line number="300" hits="1"/>
						<line number="301" hits="1"/>
						<line number="302" hits="1"/>
						<line number="303" hits="1"/>
						<line number="304" hits="1"/>
						<line number="306" hits="1" branch="true" condition-coverage="50% (1/2)" missing-branches="307"/>
						<line number="307" hits="0"/>
						<line number="310" hits="1"/>
						<line number="314" hits="0"/>
						<line number="315" hits="0"/>
						<line number="316" hits="0" branch="true" condition-coverage="0% (0/2)" missing-branches="317,339"/>
						<line number="317" hits="0"/>
						<line number="318" hits="0"/>
						<line number="319" hits="0"/>
						<line number="320" hits="0" branch="true" condition-coverage="0% (0/2)" missing-branches="321,338"/>
						<line number="321" hits="0"/>
						<line number="322" hits="0" branch="true" condition-coverage="0% (0/2)" missing-branches="323,325"/>
						<line number="323" hits="0"/>
						<line number="324" hits="0"/>
						<line number="325" hits="0" branch="true" condition-coverage="0% (0/2)" missing-branches="326,328"/>
						<line number="326" hits="0"/>
						<line number="327" hits="0"/>
						<line number="328" hits="0" branch="true" condition-coverage="0% (0/2)" missing-branches="329,331"/>
						<line number="329" hits="0"/>
						<line number="330" hits="0"/>
						<line number="331" hits="0" branch="true" condition-coverage="0% (0/2)" missing-branches="332,335"/>
						<line number="332" hits="0"/>
						<line number="333" hits="0"/>
						<line number="335" hits="0"/>
						<line number="336" hits="0"/>
						<line number="338" hits="0"/>
						<line number="339" hits="0"/>
						<line number="340" hits="0"/>
						<line number="341" hits="0"/>
						<line number="345" hits="0"/>
						<line number="351" hits="1"/>
						<line number="352" hits="1"/>
						<line number="353" hits="1"/>
						<line number="355" hits="0"/>
						<line number="356" hits="0"/>
						<line number="358" hits="0"/>
						<line number="359" hits="0" branch="true" condition-coverage="0% (0/2)" missing-branches="360,362"/>
						<line number="360" hits="0"/>
						<line number="362" hits="0"/>
						<line number="364" hits="0"/>
						<line number="366" hits="0"/>
						<line number="367" hits="0"/>
						<line number="368" hits="0"/>
						<line number="369" hits="0"/>
						<line number="370" hits="0"/>
						<line number="372" hits="0"/>
						<line number="373" hits="0" branch="true" condition-coverage="0% (0/2)" missing-branches="374,375"/>
						<line number="374" hits="0"/>
						<line number="375" hits="0" branch="true" condition-coverage="0% (0/2)" missing-branches="376,377"/>
						<line number="376" hits="0"/>
						<line number="377" hits="0" branch="true" condition-coverage="0% (0/2)" missing-branches="378,395"/>
						<line number="378" hits="0"/>
						<line number="393" hits="0"/>
						<line number="395" hits="0"/>
						<line number="396" hits="0"/>
						<line number="397" hits="0"/>
						<line number="398" hits="0"/>
						<line number="399" hits="0"/>
						<line number="400" hits="0"/>
						<line number="401" hits="0"/>
						<line number="402" hits="0"/>
						<line number="403" hits="0"/>
						<line number="404" hits="0"/>
						<line number="405" hits="0"/>
						<line number="407" hits="0"/>
						<line number="413" hits="1"/>
						<line number="414" hits="1"/>
						<line number="415" hits="1"/>
						<line number="419" hits="1"/>
						<line number="420" hits="1"/>
						<line number="421" hits="1"/>
						<line number="423" hits="0"/>
						<line number="429" hits="0"/>
						<line number="432" hits="1"/>
						<line number="433" hits="1"/>
						<line number="434" hits="1"/>
						<line number="435" hits="1"/>
						<line number="436" hits="1"/>
						<line number="437" hits="1"/>
						<line number="438" hits="1"/>
						<line number="440" hits="0"/>
						<line number="441" hits="0"/>
						<line number="442" hits="0"/>
						<line number="443" hits="0"/>
						<line number="444" hits="0"/>
						<line number="451" hits="0"/>
						<line number="467" hits="1"/>
						<line number="468" hits="1"/>
						<line number="469" hits="1"/>
						<line number="471" hits="0"/>
						<line number="478" hits="0"/>
						<line number="481" hits="1"/>
						<line number="482" hits="1"/>
						<line number="483" hits="1"/>
						<line number="485" hits="0"/>
						<line number="486" hits="0"/>
						<line number="487" hits="0"/>
						<line number="495" hits="1"/>
						<line number="496" hits="1"/>
						<line number="500" hits="1"/>
						<line number="501" hits="1"/>
						<line number="502" hits="1"/>
						<line number="504" hits="0"/>
						<line number="507" hits="1"/>
						<line number="508" hits="1"/>
						<line number="509" hits="1"/>
						<line number="511" hits="0"/>
						<line number="514" hits="1"/>
						<line number="515" hits="1"/>
						<line number="516" hits="1"/>
						<line number="518" hits="0"/>
						<line number="521" hits="1"/>
						<line number="522" hits="1"/>
						<line number="523" hits="1"/>
						<line number="526" hits="1"/>
						<line number="529" hits="1"/>
						<line number="532" hits="1"/>
						<line number="538" hits="1"/>
						<line number="546" hits="1"/>
						<line number="552" hits="1"/>
						<line number="555" hits="1"/>
						<line number="561" hits="1"/>
						<line number="562" hits="1"/>
						<line number="568" hits="1"/>
						<line number="575" hits="1"/>
						<line number="581" hits="1"/>
						<line number="582" hits="1"/>
						<line number="607" hits="0"/>
						<line number="608" hits="0"/>
						<line number="611" hits="0"/>
						<line number="612" hits="0" branch="true" condition-coverage="0% (0/2)" missing-branches="613,619"/>
						<line number="613" hits="0"/>
						<line number="614" hits="0"/>
						<line number="615" hits="0"/>
						<line number="616" hits="0"/>
						<line number="619" hits="0"/>
						<line number="620" hits="0"/>
						<line number="621" hits="0"/>
						<line number="623" hits="0"/>
						<line number="624" hits="0" branch="true" condition-coverage="0% (0/2)" missing-branches="625,626"/>
						<line number="625" hits="0"/>
						<line number="626" hits="0" branch="true" condition-coverage="0% (0/2)" missing-branches="627,628"/>
						<line number="627" hits="0"/>
						<line number="628" hits="0" branch="true" condition-coverage="0% (0/2)" missing-branches="629,630"/>
						<line number="629" hits="0"/>
						<line number="630" hits="0"/>
						<line number="632" hits="0"/>
						<line number="633" hits="0" branch="true" condition-coverage="0% (0/2)" missing-branches="exit,634"/>
						<line number="634" hits="0" branch="true" condition-coverage="0% (0/2)" missing-branches="635,636"/>
						<line number="635" hits="0"/>
						<line number="636" hits="0"/>
						<line number="638" hits="0"/>
						<line number="640" hits="0"/>
						<line number="649" hits="0"/>
						<line number="652" hits="0" branch="true" condition-coverage="0% (0/2)" missing-branches="653,682"/>
						<line number="653" hits="0"/>
						<line number="655" hits="0"/>
						<line number="656" hits="0" branch="true" condition-coverage="0% (0/2)" missing-branches="657,658"/>
						<line number="657" hits="0"/>
						<line number="658" hits="0"/>
						<line number="659" hits="0"/>
						<line number="660" hits="0"/>
						<line number="661" hits="0"/>
						<line number="662" hits="0" branch="true" condition-coverage="0% (0/2)" missing-branches="659,663"/>
						<line number="663" hits="0"/>
						<line number="664" hits="0" branch="true" condition-coverage="0% (0/2)" missing-branches="665,666"/>
						<line number="665" hits="0"/>
						<line number="666" hits="0"/>
						<line number="667" hits="0" branch="true" condition-coverage="0% (0/2)" missing-branches="668,669"/>
						<line number="668" hits="0"/>
						<line number="669" hits="0" branch="true" condition-coverage="0% (0/2)" missing-branches="670,671"/>
						<line number="670" hits="0"/>
						<line number="671" hits="0" branch="true" condition-coverage="0% (0/2)" missing-branches="672,673"/>
						<line number="672" hits="0"/>
						<line number="673" hits="0" branch="true" condition-coverage="0% (0/2)" missing-branches="674,675"/>
						<line number="674" hits="0"/>
						<line number="675" hits="0" branch="true" condition-coverage="0% (0/2)" missing-branches="676,677"/>
						<line number="676" hits="0"/>
						<line number="677" hits="0"/>
						<line number="678" hits="0"/>
						<line number="679" hits="0"/>
						<line number="682" hits="0"/>
						<line number="683" hits="0"/>
						<line number="686" hits="0" branch="true" condition-coverage="0% (0/2)" missing-branches="687,697"/>
						<line number="687" hits="0"/>
						<line number="688" hits="0"/>
						<line number="689" hits="0" branch="true" condition-coverage="0% (0/2)" missing-branches="690,692"/>
						<line number="690" hits="0"/>
						<line number="692" hits="0" branch="true" condition-coverage="0% (0/2)" missing-branches="693,694"/>
						<line number="693" hits="0"/>
						<line number="694" hits="0"/>
						<line number="697" hits="0" branch="true" condition-coverage="0% (0/2)" missing-branches="698,719"/>
						<line number="698" hits="0"/>
						<line number="700" hits="0"/>
						<line number="701" hits="0"/>
						<line number="702" hits="0" branch="true" condition-coverage="0% (0/2)" missing-branches="703,707"/>
						<line number="703" hits="0" branch="true" condition-coverage="0% (0/2)" missing-branches="704,705"/>
						<line number="704" hits="0"/>
						<line number="705" hits="0" branch="true" condition-coverage="0% (0/2)" missing-branches="702,706"/>
						<line number="706" hits="0"/>
						<line number="707" hits="0"/>
						<line number="717" hits="0"/>
						<line number="719" hits="0" branch="true" condition-coverage="0% (0/2)" missing-branches="720,722"/>
						<line number="720" hits="0"/>
						<line number="722" hits="0"/>
						<line number="725" hits="1"/>
						<line number="726" hits="1"/>
						<line number="727" hits="1"/>
						<line number="729" hits="0"/>
						<line number="732" hits="1"/>
						<line number="733" hits="1"/>
						<line number="734" hits="1"/>
						<line number="736" hits="0"/>
						<line number="742" hits="1"/>
						<line number="743" hits="1"/>
						<line number="747" hits="1"/>
						<line number="748" hits="1"/>
						<line number="749" hits="1"/>
						<line number="750" hits="1"/>
						<line number="751" hits="1"/>
						<line number="753" hits="0"/>
						<line number="754" hits="0" branch="true" condition-coverage="0% (0/2)" missing-branches="755,757"/>
						<line number="755" hits="0"/>
						<line number="757" hits="0"/>
						<line number="760" hits="1"/>
						<line number="761" hits="1"/>
						<line number="762" hits="1"/>
						<line number="768" hits="1"/>
						<line number="774" hits="1"/>
						<line number="775" hits="1"/>
						<line number="782" hits="0"/>
						<line number="783" hits="0" branch="true" condition-coverage="0% (0/2)" missing-branches="784,789"/>
						<line number="784" hits="0" branch="true" condition-coverage="0% (0/2)" missing-branches="785,787"/>
						<line number="785" hits="0"/>
						<line number="787" hits="0"/>
						<line number="788" hits="0"/>
						<line number="789" hits="0" branch="true" condition-coverage="0% (0/2)" missing-branches="790,799"/>
						<line number="790" hits="0"/>
						<line number="791" hits="0" branch="true" condition-coverage="0% (0/2)" missing-branches="792,794"/>
						<line number="792" hits="0"/>
						<line number="793" hits="0"/>
						<line number="794" hits="0" branch="true" condition-coverage="0% (0/2)" missing-branches="795,797"/>
						<line number="795" hits="0"/>
						<line number="797" hits="0"/>
						<line number="798" hits="0"/>
						<line number="799" hits="0"/>
						<line number="802" hits="1"/>
						<line number="803" hits="1"/>
						<line number="804" hits="1"/>
						<line number="805" hits="1"/>
						<line number="808" hits="1"/>
						<line number="809" hits="1"/>
						<line number="811" hits="0"/>
						<line number="812" hits="0"/>
						<line number="815" hits="1"/>
						<line number="816" hits="1"/>
						<line number="817" hits="1"/>
						<line number="821" hits="1"/>
						<line number="822" hits="1"/>
						<line number="829" hits="1"/>
						<line number="832" hits="1"/>
						<line number="833" hits="1"/>
						<line number="834" hits="1"/>
						<line number="836" hits="0"/>
						<line number="839" hits="1"/>
						<line number="840" hits="1"/>
						<line number="841" hits="1"/>
						<line number="843" hits="0"/>
						<line number="849" hits="1"/>
						<line number="850" hits="1"/>
						<line number="854" hits="1"/>
						<line number="855" hits="1"/>
						<line number="856" hits="1"/>
						<line number="857" hits="1"/>
						<line number="859" hits="0"/>
						<line number="862" hits="1"/>
						<line number="863" hits="1"/>
						<line number="864" hits="1"/>
						<line number="866" hits="0"/>
						<line number="869" hits="1"/>
						<line number="870" hits="1"/>
						<line number="871" hits="1"/>
						<line number="872" hits="1"/>
						<line number="873" hits="1"/>
						<line number="881" hits="0"/>
						<line number="882" hits="0" branch="true" condition-coverage="0% (0/2)" missing-branches="883,885"/>
						<line number="883" hits="0"/>
						<line number="884" hits="0"/>
						<line number="885" hits="0"/>
						<line number="888" hits="1"/>
						<line number="889" hits="1"/>
						<line number="890" hits="1"/>
						<line number="891" hits="1"/>
						<line number="894" hits="1"/>
						<line number="900" hits="1"/>
						<line number="906" hits="1"/>
						<line number="912" hits="1"/>
						<line number="913" hits="1"/>
						<line number="915" hits="1"/>
						<line number="916" hits="1"/>
						<line number="917" hits="1" branch="true" condition-coverage="50% (1/2)" missing-branches="918"/>
						<line number="918" hits="0"/>
						<line number="929" hits="0"/>
						<line number="930" hits="1"/>
						<line number="938" hits="1"/>
						<line number="944" hits="1"/>
						<line number="945" hits="1"/>
						<line number="949" hits="1"/>
						<line number="950" hits="1"/>
						<line number="951" hits="1"/>
						<line number="953" hits="0"/>
						<line number="956" hits="1"/>
						<line number="957" hits="1"/>
						<line number="958" hits="1"/>
						<line number="961" hits="1"/>
						<line number="962" hits="1"/>
						<line number="963" hits="1"/>
						<line number="965" hits="0"/>
						<line number="966" hits="0" branch="true" condition-coverage="0% (0/2)" missing-branches="967,969"/>
						<line number="967" hits="0"/>
						<line number="968" hits="0"/>
						<line number="969" hits="0"/>
						<line number="981" hits="1"/>
						<line number="982" hits="1"/>
						<line number="983" hits="1"/>
						<line number="990" hits="1"/>
						<line number="993" hits="1"/>
						<line number="994" hits="1"/>
						<line number="1001" hits="0" branch="true" condition-coverage="0% (0/2)" missing-branches="1002,1003"/>
						<line number="1002" hits="0"/>
						<line number="1003" hits="0" branch="true" condition-coverage="0% (0/2)" missing-branches="1004,1005"/>
						<line number="1004" hits="0"/>
						<line number="1005" hits="0" branch="true" condition-coverage="0% (0/2)" missing-branches="1006,1007"/>
						<line number="1006" hits="0"/>
						<line number="1007" hits="0" branch="true" condition-coverage="0% (0/2)" missing-branches="1008,1010"/>
						<line number="1008" hits="0"/>
						<line number="1009" hits="0"/>
						<line number="1010" hits="0"/>
						<line number="1011" hits="0"/>
						<line number="1012" hits="0" branch="true" condition-coverage="0% (0/2)" missing-branches="1013,1015"/>
						<line number="1013" hits="0"/>
						<line number="1015" hits="0"/>
						<line number="1021" hits="1"/>
						<line number="1022" hits="1"/>
						<line number="1026" hits="1"/>
						<line number="1027" hits="1"/>
						<line number="1028" hits="1"/>
						<line number="1029" hits="0"/>
						<line number="1032" hits="1"/>
						<line number="1033" hits="1"/>
						<line number="1037" hits="1"/>
						<line number="1038" hits="1"/>
						<line number="1039" hits="1"/>
						<line number="1040" hits="1"/>
						<line number="1048" hits="0"/>
						<line number="1049" hits="0" branch="true" condition-coverage="0% (0/2)" missing-branches="1050,1052"/>
						<line number="1050" hits="0"/>
						<line number="1051" hits="0"/>
						<line number="1052" hits="0"/>
						<line number="1055" hits="1"/>
						<line number="1056" hits="1"/>
						<line number="1057" hits="1"/>
						<line number="1058" hits="1"/>
						<line number="1059" hits="0"/>
						<line number="1060" hits="0" branch="true" condition-coverage="0% (0/2)" missing-branches="1061,1062"/>
						<line number="1061" hits="0"/>
						<line number="1062" hits="0"/>
						<line number="1065" hits="1"/>
						<line number="1066" hits="1"/>
						<line number="1070" hits="1"/>
						<line number="1071" hits="1"/>
						<line number="1072" hits="1"/>
						<line number="1073" hits="1"/>
						<line number="1074" hits="0"/>
						<line number="1075" hits="0" branch="true" condition-coverage="0% (0/2)" missing-branches="1076,1077"/>
						<line number="1076" hits="0"/>
						<line number="1077" hits="0"/>
						<line number="1083" hits="1"/>
						<line number="1084" hits="1"/>
						<line number="1085" hits="1"/>
						<line number="1086" hits="1"/>
						<line number="1087" hits="1"/>
						<line number="1088" hits="1"/>
						<line number="1089" hits="1"/>
						<line number="1090" hits="1"/>
						<line number="1091" hits="1"/>
						<line number="1092" hits="0"/>
						<line number="1106" hits="1"/>
						<line number="1107" hits="1"/>
						<line number="1108" hits="1"/>
						<line number="1109" hits="1"/>
						<line number="1110" hits="1"/>
						<line number="1111" hits="1"/>
						<line number="1112" hits="1"/>
						<line number="1118" hits="1"/>
						<line number="1124" hits="1"/>
						<line number="1125" hits="1"/>
						<line number="1126" hits="1"/>
						<line number="1127" hits="1"/>
						<line number="1130" hits="0"/>
						<line number="1131" hits="0"/>
						<line number="1132" hits="0"/>
						<line number="1147" hits="1"/>
						<line number="1148" hits="1"/>
						<line number="1149" hits="1"/>
						<line number="1150" hits="1"/>
						<line number="1151" hits="1"/>
						<line number="1152" hits="0"/>
						<line number="1155" hits="1"/>
						<line number="1156" hits="1"/>
						<line number="1157" hits="1"/>
						<line number="1158" hits="1"/>
						<line number="1160" hits="0"/>
						<line number="1161" hits="0" branch="true" condition-coverage="0% (0/2)" missing-branches="1162,1163"/>
						<line number="1162" hits="0"/>
						<line number="1163" hits="0"/>
						<line number="1169" hits="1"/>
						<line number="1170" hits="1"/>
						<line number="1174" hits="1"/>
						<line number="1175" hits="1"/>
						<line number="1176" hits="1"/>
						<line number="1177" hits="0"/>
						<line number="1180" hits="1"/>
						<line number="1181" hits="1"/>
						<line number="1182" hits="1"/>
						<line number="1183" hits="1"/>
						<line number="1184" hits="1"/>
						<line number="1185" hits="1"/>
						<line number="1186" hits="1"/>
						<line number="1187" hits="0"/>
						<line number="1199" hits="1"/>
						<line number="1200" hits="1"/>
						<line number="1201" hits="1"/>
						<line number="1202" hits="1"/>
						<line number="1203" hits="1"/>
						<line number="1204" hits="1"/>
						<line number="1205" hits="1"/>
						<line number="1206" hits="1"/>
						<line number="1207" hits="1"/>
						<line number="1208" hits="0"/>
						<line number="1209" hits="0"/>
						<line number="1222" hits="1"/>
						<line number="1223" hits="1"/>
						<line number="1224" hits="1"/>
						<line number="1225" hits="1"/>
						<line number="1226" hits="1"/>
						<line number="1227" hits="0"/>
						<line number="1230" hits="1"/>
						<line number="1231" hits="1"/>
						<line number="1232" hits="1"/>
						<line number="1233" hits="1"/>
						<line number="1234" hits="0"/>
						<line number="1235" hits="0" branch="true" condition-coverage="0% (0/2)" missing-branches="1236,1237"/>
						<line number="1236" hits="0"/>
						<line number="1237" hits="0"/>
						<line number="1243" hits="1"/>
						<line number="1244" hits="1"/>
						<line number="1248" hits="1"/>
						<line number="1249" hits="1"/>
						<line number="1250" hits="1"/>
						<line number="1251" hits="0"/>
						<line number="1254" hits="1"/>
						<line number="1255" hits="1"/>
						<line number="1256" hits="1"/>
						<line number="1257" hits="1"/>
						<line number="1258" hits="1"/>
						<line number="1259" hits="1"/>
						<line number="1260" hits="1"/>
						<line number="1261" hits="0"/>
						<line number="1273" hits="1"/>
						<line number="1274" hits="1"/>
						<line number="1275" hits="1"/>
						<line number="1276" hits="1"/>
						<line number="1277" hits="1"/>
						<line number="1278" hits="1"/>
						<line number="1279" hits="1"/>
						<line number="1280" hits="1"/>
						<line number="1281" hits="0"/>
						<line number="1294" hits="1"/>
						<line number="1295" hits="1"/>
						<line number="1296" hits="1"/>
						<line number="1297" hits="1"/>
						<line number="1298" hits="1"/>
						<line number="1299" hits="0"/>
						<line number="1302" hits="1"/>
						<line number="1303" hits="1"/>
						<line number="1304" hits="1"/>
						<line number="1305" hits="1"/>
						<line number="1306" hits="0"/>
						<line number="1307" hits="0" branch="true" condition-coverage="0% (0/2)" missing-branches="1308,1309"/>
						<line number="1308" hits="0"/>
						<line number="1309" hits="0"/>
						<line number="1315" hits="1"/>
						<line number="1316" hits="1"/>
						<line number="1317" hits="1"/>
						<line number="1318" hits="1"/>
						<line number="1324" hits="1"/>
						<line number="1325" hits="1"/>
						<line number="1326" hits="1"/>
						<line number="1327" hits="1"/>
						<line number="1328" hits="1"/>
						<line number="1329" hits="1"/>
						<line number="1330" hits="1"/>
						<line number="1331" hits="1"/>
						<line number="1332" hits="1"/>
						<line number="1333" hits="1"/>
						<line number="1334" hits="1"/>
						<line number="1335" hits="1"/>
						<line number="1352" hits="0" branch="true" condition-coverage="0% (0/2)" missing-branches="1353,1354"/>
						<line number="1353" hits="0"/>
						<line number="1354" hits="0" branch="true" condition-coverage="0% (0/2)" missing-branches="1355,1356"/>
						<line number="1355" hits="0"/>
						<line number="1356" hits="0"/>
						<line number="1357" hits="0" branch="true" condition-coverage="0% (0/2)" missing-branches="1358,1359"/>
						<line number="1358" hits="0"/>
						<line number="1359" hits="0" branch="true" condition-coverage="0% (0/2)" missing-branches="1360,1361"/>
						<line number="1360" hits="0"/>
						<line number="1361" hits="0" branch="true" condition-coverage="0% (0/2)" missing-branches="1362,1363"/>
						<line number="1362" hits="0"/>
						<line number="1363" hits="0" branch="true" condition-coverage="0% (0/2)" missing-branches="1364,1365"/>
						<line number="1364" hits="0"/>
						<line number="1365" hits="0" branch="true" condition-coverage="0% (0/2)" missing-branches="1366,1367"/>
						<line number="1366" hits="0"/>
						<line number="1367" hits="0" branch="true" condition-coverage="0% (0/2)" missing-branches="1368,1369"/>
						<line number="1368" hits="0"/>
						<line number="1369" hits="0" branch="true" condition-coverage="0% (0/2)" missing-branches="1370,1371"/>
						<line number="1370" hits="0"/>
						<line number="1371" hits="0" branch="true" condition-coverage="0% (0/2)" missing-branches="1372,1373"/>
						<line number="1372" hits="0"/>
						<line number="1373" hits="0" branch="true" condition-coverage="0% (0/2)" missing-branches="1374,1375"/>
						<line number="1374" hits="0"/>
						<line number="1375" hits="0" branch="true" condition-coverage="0% (0/2)" missing-branches="1376,1377"/>
						<line number="1376" hits="0"/>
						<line number="1377" hits="0" branch="true" condition-coverage="0% (0/2)" missing-branches="1378,1379"/>
						<line number="1378" hits="0"/>
						<line number="1379" hits="0" branch="true" condition-coverage="0% (0/2)" missing-branches="1380,1381"/>
						<line number="1380" hits="0"/>
						<line number="1381" hits="0"/>
						<line number="1384" hits="1"/>
						<line number="1385" hits="1"/>
						<line number="1386" hits="1"/>
						<line number="1387" hits="1"/>
						<line number="1388" hits="1"/>
						<line number="1391" hits="1"/>
						<line number="1394" hits="1"/>
						<line number="1395" hits="1"/>
						<line number="1396" hits="1"/>
						<line number="1397" hits="1"/>
						<line number="1400" hits="1"/>
						<line number="1403" hits="1"/>
						<line number="1408" hits="1"/>
						<line number="1409" hits="1"/>
						<line number="1410" hits="1"/>
						<line number="1411" hits="1"/>
						<line number="1414" hits="1"/>
						<line number="1415" hits="1"/>
						<line number="1445" hits="0" branch="true" condition-coverage="0% (0/2)" missing-branches="1446,1447"/>
						<line number="1446" hits="0"/>
						<line number="1447" hits="0"/>
						<line number="1448" hits="0"/>
						<line number="1449" hits="0"/>
						<line number="1457" hits="0" branch="true" condition-coverage="0% (0/2)" missing-branches="1458,1460"/>
						<line number="1458" hits="0"/>
						<line number="1460" hits="0"/>
						<line number="1461" hits="0"/>
						<line number="1462" hits="0" branch="true" condition-coverage="0% (0/2)" missing-branches="1463,1467"/>
						<line number="1463" hits="0" branch="true" condition-coverage="0% (0/2)" missing-branches="1464,1465"/>
						<line number="1464" hits="0"/>
						<line number="1465" hits="0"/>
						<line number="1467" hits="0" branch="true" condition-coverage="0% (0/2)" missing-branches="1468,1496"/>
						<line number="1468" hits="0"/>
						<line number="1469" hits="0"/>
						<line number="1470" hits="0" branch="true" condition-coverage="0% (0/2)" missing-branches="1471,1472"/>
						<line number="1471" hits="0"/>
						<line number="1472" hits="0" branch="true" condition-coverage="0% (0/2)" missing-branches="1473,1474"/>
						<line number="1473" hits="0"/>
						<line number="1474" hits="0"/>
						<line number="1475" hits="0" branch="true" condition-coverage="0% (0/2)" missing-branches="1476,1478"/>
						<line number="1476" hits="0"/>
						<line number="1478" hits="0"/>
						<line number="1479" hits="0" branch="true" condition-coverage="0% (0/2)" missing-branches="1480,1482"/>
						<line number="1480" hits="0" branch="true" condition-coverage="0% (0/2)" missing-branches="1479,1481"/>
						<line number="1481" hits="0"/>
						<line number="1482" hits="0" branch="true" condition-coverage="0% (0/2)" missing-branches="1483,1485"/>
						<line number="1483" hits="0" branch="true" condition-coverage="0% (0/2)" missing-branches="1482,1484"/>
						<line number="1484" hits="0"/>
						<line number="1485" hits="0" branch="true" condition-coverage="0% (0/2)" missing-branches="1486,1487"/>
						<line number="1486" hits="0"/>
						<line number="1487" hits="0" branch="true" condition-coverage="0% (0/2)" missing-branches="1488,1489"/>
						<line number="1488" hits="0"/>
						<line number="1489" hits="0" branch="true" condition-coverage="0% (0/2)" missing-branches="1490,1491"/>
						<line number="1490" hits="0"/>
						<line number="1491" hits="0" branch="true" condition-coverage="0% (0/2)" missing-branches="1492,1493"/>
						<line number="1492" hits="0"/>
						<line number="1493" hits="0" branch="true" condition-coverage="0% (0/2)" missing-branches="1467,1494"/>
						<line number="1494" hits="0"/>
						<line number="1496" hits="0"/>
						<line number="1497" hits="0"/>
						<line number="1513" hits="1"/>
						<line number="1514" hits="1"/>
						<line number="1515" hits="1"/>
						<line number="1518" hits="1"/>
						<line number="1519" hits="1"/>
						<line number="1520" hits="1"/>
						<line number="1521" hits="1"/>
						<line number="1522" hits="1"/>
						<line number="1523" hits="1"/>
						<line number="1524" hits="1"/>
						<line number="1525" hits="0" branch="true" condition-coverage="0% (0/2)" missing-branches="1526,1527"/>
						<line number="1526" hits="0"/>
						<line number="1527" hits="0"/>
						<line number="1528" hits="0" branch="true" condition-coverage="0% (0/2)" missing-branches="1529,1530"/>
						<line number="1529" hits="0"/>
						<line number="1530" hits="0" branch="true" condition-coverage="0% (0/2)" missing-branches="1531,1532"/>
						<line number="1531" hits="0"/>
						<line number="1532" hits="0" branch="true" condition-coverage="0% (0/2)" missing-branches="1533,1534"/>
						<line number="1533" hits="0"/>
						<line number="1534" hits="0" branch="true" condition-coverage="0% (0/2)" missing-branches="1535,1536"/>
						<line number="1535" hits="0"/>
						<line number="1536" hits="0" branch="true" condition-coverage="0% (0/2)" missing-branches="1537,1538"/>
						<line number="1537" hits="0"/>
						<line number="1538" hits="0" branch="true" condition-coverage="0% (0/2)" missing-branches="1539,1540"/>
						<line number="1539" hits="0"/>
						<line number="1540" hits="0"/>
						<line number="1546" hits="1"/>
						<line number="1547" hits="1"/>
						<line number="1551" hits="1"/>
						<line number="1552" hits="1"/>
						<line number="1553" hits="1"/>
						<line number="1554" hits="0"/>
						<line number="1557" hits="1"/>
						<line number="1558" hits="1"/>
						<line number="1559" hits="1"/>
						<line number="1560" hits="1"/>
						<line number="1561" hits="1"/>
						<line number="1562" hits="1"/>
						<line number="1563" hits="1"/>
						<line number="1564" hits="0"/>
						<line number="1576" hits="1"/>
						<line number="1577" hits="1"/>
						<line number="1578" hits="1"/>
						<line number="1579" hits="1"/>
						<line number="1580" hits="1"/>
						<line number="1581" hits="1"/>
						<line number="1582" hits="1"/>
						<line number="1583" hits="1"/>
						<line number="1584" hits="1"/>
						<line number="1585" hits="0"/>
						<line number="1586" hits="0"/>
						<line number="1599" hits="1"/>
						<line number="1600" hits="1"/>
						<line number="1601" hits="1"/>
						<line number="1602" hits="1"/>
						<line number="1603" hits="1"/>
						<line number="1604" hits="0"/>
						<line number="1610" hits="1"/>
						<line number="1611" hits="1"/>
						<line number="1615" hits="1"/>
						<line number="1616" hits="1"/>
						<line number="1617" hits="1"/>
						<line number="1618" hits="0"/>
						<line number="1621" hits="1"/>
						<line number="1622" hits="1"/>
						<line number="1623" hits="1"/>
						<line number="1624" hits="1"/>
						<line number="1625" hits="1"/>
						<line number="1626" hits="1"/>
						<line number="1628" hits="0"/>
						<line number="1631" hits="1"/>
						<line number="1632" hits="1"/>
						<line number="1633" hits="1"/>
						<line number="1634" hits="1"/>
						<line number="1635" hits="1"/>
						<line number="1636" hits="1"/>
						<line number="1637" hits="0"/>
						<line number="1640" hits="1"/>
						<line number="1641" hits="1"/>
						<line number="1642" hits="1"/>
						<line number="1643" hits="1"/>
						<line number="1644" hits="1"/>
						<line number="1646" hits="0"/>
						<line number="1652" hits="1"/>
						<line number="1653" hits="1"/>
						<line number="1657" hits="1"/>
						<line number="1658" hits="1"/>
						<line number="1659" hits="1"/>
						<line number="1660" hits="0"/>
						<line number="1663" hits="1"/>
						<line number="1664" hits="1"/>
						<line number="1665" hits="1"/>
						<line number="1666" hits="1"/>
						<line number="1667" hits="1"/>
						<line number="1668" hits="0"/>
						<line number="1671" hits="1"/>
						<line number="1672" hits="1"/>
						<line number="1673" hits="1"/>
						<line number="1674" hits="1"/>
						<line number="1675" hits="0"/>
						<line number="1678" hits="1"/>
						<line number="1679" hits="1"/>
						<line number="1680" hits="1"/>
						<line number="1681" hits="1"/>
						<line number="1682" hits="0"/>
						<line number="1685" hits="1"/>
						<line number="1686" hits="1"/>
						<line number="1687" hits="1"/>
						<line number="1688" hits="1"/>
						<line number="1689" hits="0"/>
						<line number="1692" hits="1"/>
						<line number="1693" hits="1"/>
						<line number="1694" hits="1"/>
						<line number="1695" hits="0"/>
						<line number="1698" hits="1"/>
						<line number="1699" hits="1"/>
						<line number="1700" hits="1"/>
						<line number="1707" hits="1"/>
						<line number="1714" hits="1"/>
						<line number="1715" hits="1"/>
						<line number="1717" hits="0"/>
						<line number="1718" hits="0" branch="true" condition-coverage="0% (0/2)" missing-branches="1719,1721"/>
						<line number="1719" hits="0"/>
						<line number="1720" hits="0"/>
						<line number="1721" hits="0" branch="true" condition-coverage="0% (0/2)" missing-branches="1722,1723"/>
						<line number="1722" hits="0"/>
						<line number="1723" hits="0"/>
						<line number="1726" hits="1"/>
						<line number="1728" hits="0"/>
						<line number="1729" hits="0"/>
						<line number="1731" hits="0"/>
						<line number="1732" hits="0" branch="true" condition-coverage="0% (0/2)" missing-branches="1733,1742"/>
						<line number="1733" hits="0"/>
						<line number="1734" hits="0"/>
						<line number="1740" hits="0"/>
						<line number="1742" hits="0"/>
						<line number="1743" hits="0"/>
						<line number="1744" hits="0" branch="true" condition-coverage="0% (0/2)" missing-branches="1745,1746"/>
						<line number="1745" hits="0"/>
						<line number="1746" hits="0"/>
						<line number="1749" hits="1"/>
						<line number="1751" hits="0"/>
						<line number="1753" hits="0"/>
						<line number="1754" hits="0" branch="true" condition-coverage="0% (0/2)" missing-branches="1755,1756"/>
						<line number="1755" hits="0"/>
						<line number="1756" hits="0"/>
						<line number="1757" hits="0"/>
						<line number="1758" hits="0"/>
						<line number="1759" hits="0"/>
						<line number="1760" hits="0" branch="true" condition-coverage="0% (0/2)" missing-branches="1761,1762"/>
						<line number="1761" hits="0"/>
						<line number="1762" hits="0"/>
						<line number="1765" hits="1"/>
						<line number="1771" hits="1"/>
						<line number="1772" hits="1"/>
						<line number="1773" hits="1" branch="true" condition-coverage="100% (2/2)"/>
						<line number="1774" hits="1" branch="true" condition-coverage="100% (2/2)"/>
						<line number="1775" hits="1" branch="true" condition-coverage="50% (1/2)" missing-branches="1776"/>
						<line number="1776" hits="0"/>
						<line number="1777" hits="1"/>
						<line number="1778" hits="1"/>
						<line number="1780" hits="1"/>
						<line number="1781" hits="1" branch="true" condition-coverage="100% (2/2)"/>
						<line number="1782" hits="1"/>
						<line number="1783" hits="1"/>
						<line number="1784" hits="1"/>
						<line number="1785" hits="1" branch="true" condition-coverage="100% (2/2)"/>
						<line number="1786" hits="1"/>
						<line number="1791" hits="1" branch="true" condition-coverage="100% (2/2)"/>
						<line number="1792" hits="1"/>
						<line number="1793" hits="1"/>
						<line number="1794" hits="1"/>
						<line number="1803" hits="1"/>
						<line number="1804" hits="1"/>
						<line number="1805" hits="1"/>
						<line number="1806" hits="1"/>
						<line number="1813" hits="1"/>
						<line number="1820" hits="1"/>
						<line number="1828" hits="1"/>
						<line number="1829" hits="1"/>
						<line number="1836" hits="0"/>
						<line number="1837" hits="0"/>
						<line number="1838" hits="0" branch="true" condition-coverage="0% (0/2)" missing-branches="1839,1841"/>
						<line number="1839" hits="0"/>
						<line number="1840" hits="0"/>
						<line number="1841" hits="0" branch="true" condition-coverage="0% (0/2)" missing-branches="1842,1845"/>
						<line number="1842" hits="0"/>
						<line number="1843" hits="0"/>
						<line number="1845" hits="0"/>
						<line number="1858" hits="0"/>
						<line number="1864" hits="1"/>
						<line number="1865" hits="1"/>
						<line number="1869" hits="1"/>
						<line number="1870" hits="1"/>
						<line number="1871" hits="1"/>
						<line number="1872" hits="0"/>
						<line number="1875" hits="1"/>
						<line number="1876" hits="1"/>
						<line number="1877" hits="1"/>
						<line number="1878" hits="1"/>
						<line number="1879" hits="1"/>
						<line number="1880" hits="0"/>
						<line number="1881" hits="0"/>
						<line number="1884" hits="1"/>
						<line number="1885" hits="1"/>
						<line number="1886" hits="1"/>
						<line number="1887" hits="0"/>
						<line number="1890" hits="1"/>
						<line number="1891" hits="1"/>
						<line number="1892" hits="1"/>
						<line number="1893" hits="1"/>
						<line number="1895" hits="0"/>
						<line number="1898" hits="1"/>
						<line number="1899" hits="1"/>
						<line number="1900" hits="1"/>
						<line number="1901" hits="1"/>
						<line number="1907" hits="1"/>
						<line number="1914" hits="1"/>
						<line number="1915" hits="1"/>
						<line number="1917" hits="0"/>
						<line number="1918" hits="0"/>
						<line number="1919" hits="0"/>
						<line number="1925" hits="1"/>
						<line number="1926" hits="1"/>
						<line number="1930" hits="1"/>
						<line number="1931" hits="1"/>
						<line number="1932" hits="1"/>
						<line number="1933" hits="1"/>
						<line number="1934" hits="0"/>
						<line number="1937" hits="1"/>
						<line number="1938" hits="1"/>
						<line number="1939" hits="1"/>
						<line number="1940" hits="1"/>
						<line number="1941" hits="1"/>
						<line number="1942" hits="1"/>
						<line number="1943" hits="1"/>
						<line number="1944" hits="0"/>
						<line number="1945" hits="0" branch="true" condition-coverage="0% (0/2)" missing-branches="1946,1957"/>
						<line number="1946" hits="0"/>
						<line number="1956" hits="0"/>
						<line number="1957" hits="0"/>
						<line number="1960" hits="1"/>
						<line number="1961" hits="1"/>
						<line number="1962" hits="1"/>
						<line number="1963" hits="1"/>
						<line number="1964" hits="1"/>
						<line number="1965" hits="1"/>
						<line number="1966" hits="1"/>
						<line number="1967" hits="0"/>
						<line number="1968" hits="0" branch="true" condition-coverage="0% (0/2)" missing-branches="1969,1980"/>
						<line number="1969" hits="0"/>
						<line number="1979" hits="0"/>
						<line number="1980" hits="0"/>
						<line number="1983" hits="1"/>
						<line number="1984" hits="1"/>
						<line number="1985" hits="1"/>
						<line number="1986" hits="1"/>
						<line number="1987" hits="1"/>
						<line number="1988" hits="1"/>
						<line number="1989" hits="1"/>
						<line number="1990" hits="0"/>
						<line number="1991" hits="0" branch="true" condition-coverage="0% (0/2)" missing-branches="1992,2003"/>
						<line number="1992" hits="0"/>
						<line number="2002" hits="0"/>
						<line number="2003" hits="0"/>
						<line number="2009" hits="1"/>
						<line number="2010" hits="1"/>
						<line number="2013" hits="1"/>
						<line number="2019" hits="1"/>
						<line number="2025" hits="1"/>
						<line number="2026" hits="1"/>
						<line number="2027" hits="1"/>
						<line number="2033" hits="1"/>
						<line number="2040" hits="1"/>
						<line number="2041" hits="1"/>
						<line number="2052" hits="0"/>
						<line number="2054" hits="0"/>
						<line number="2055" hits="0" branch="true" condition-coverage="0% (0/2)" missing-branches="2056,2057"/>
						<line number="2056" hits="0"/>
						<line number="2057" hits="0" branch="true" condition-coverage="0% (0/2)" missing-branches="2058,2059"/>
						<line number="2058" hits="0"/>
						<line number="2059" hits="0" branch="true" condition-coverage="0% (0/2)" missing-branches="2060,2061"/>
						<line number="2060" hits="0"/>
						<line number="2061" hits="0"/>
						<line number="2078" hits="1"/>
						<line number="2079" hits="1"/>
						<line number="2083" hits="1"/>
						<line number="2084" hits="1"/>
						<line number="2085" hits="1"/>
						<line number="2088" hits="1"/>
						<line number="2089" hits="1"/>
						<line number="2097" hits="0"/>
						<line number="2098" hits="0"/>
						<line number="2101" hits="1"/>
						<line number="2102" hits="1"/>
						<line number="2103" hits="1"/>
						<line number="2104" hits="1"/>
						<line number="2105" hits="1"/>
						<line number="2107" hits="0"/>
						<line number="2113" hits="1"/>
						<line number="2114" hits="1"/>
						<line number="2118" hits="1"/>
						<line number="2119" hits="1"/>
						<line number="2120" hits="1"/>
						<line number="2126" hits="1"/>
						<line number="2131" hits="1"/>
						<line number="2138" hits="1"/>
						<line number="2141" hits="1"/>
						<line number="2142" hits="1"/>
						<line number="2143" hits="1"/>
						<line number="2148" hits="1"/>
						<line number="2149" hits="1"/>
						<line number="2167" hits="0" branch="true" condition-coverage="0% (0/2)" missing-branches="2168,2169"/>
						<line number="2168" hits="0"/>
						<line number="2169" hits="0" branch="true" condition-coverage="0% (0/2)" missing-branches="2170,2172"/>
						<line number="2170" hits="0"/>
						<line number="2171" hits="0"/>
						<line number="2172" hits="0"/>
						<line number="2173" hits="0" branch="true" condition-coverage="0% (0/2)" missing-branches="2174,2175"/>
						<line number="2174" hits="0"/>
						<line number="2175" hits="0"/>
						<line number="2190" hits="1"/>
						<line number="2191" hits="1"/>
						<line number="2192" hits="1"/>
						<line number="2193" hits="1"/>
						<line number="2194" hits="1"/>
						<line number="2195" hits="1"/>
						<line number="2196" hits="1"/>
						<line number="2197" hits="1"/>
						<line number="2198" hits="1"/>
						<line number="2199" hits="1"/>
						<line number="2200" hits="1"/>
						<line number="2212" hits="0" branch="true" condition-coverage="0% (0/2)" missing-branches="2213,2214"/>
						<line number="2213" hits="0"/>
						<line number="2214" hits="0"/>
						<line number="2215" hits="0" branch="true" condition-coverage="0% (0/2)" missing-branches="2216,2217"/>
						<line number="2216" hits="0"/>
						<line number="2217" hits="0"/>
						<line number="2232" hits="1"/>
						<line number="2233" hits="1"/>
						<line number="2234" hits="1"/>
						<line number="2235" hits="1"/>
						<line number="2241" hits="0"/>
						<line number="2244" hits="1"/>
						<line number="2245" hits="1"/>
						<line number="2246" hits="1"/>
						<line number="2247" hits="1"/>
						<line number="2248" hits="1"/>
						<line number="2250" hits="0"/>
						<line number="2256" hits="1"/>
						<line number="2257" hits="1"/>
						<line number="2258" hits="1"/>
						<line number="2260" hits="1"/>
						<line number="2263" hits="1"/>
						<line number="2264" hits="1"/>
						<line number="2265" hits="1"/>
						<line number="2274" hits="1"/>
						<line number="2279" hits="1"/>
						<line number="2280" hits="1"/>
						<line number="2293" hits="0"/>
						<line number="2294" hits="0" branch="true" condition-coverage="0% (0/2)" missing-branches="2295,2300"/>
						<line number="2295" hits="0"/>
						<line number="2296" hits="0" branch="true" condition-coverage="0% (0/2)" missing-branches="2297,2299"/>
						<line number="2297" hits="0"/>
						<line number="2298" hits="0"/>
						<line number="2299" hits="0"/>
						<line number="2300" hits="0" branch="true" condition-coverage="0% (0/2)" missing-branches="2301,2309"/>
						<line number="2301" hits="0" branch="true" condition-coverage="0% (0/2)" missing-branches="2302,2304"/>
						<line number="2302" hits="0"/>
						<line number="2303" hits="0"/>
						<line number="2304" hits="0"/>
						<line number="2305" hits="0"/>
						<line number="2306" hits="0"/>
						<line number="2307" hits="0"/>
						<line number="2308" hits="0"/>
						<line number="2309" hits="0"/>
						<line number="2315" hits="1"/>
						<line number="2316" hits="1"/>
						<line number="2317" hits="1"/>
						<line number="2331" hits="1"/>
						<line number="2334" hits="1"/>
						<line number="2335" hits="1"/>
						<line number="2341" hits="0"/>
						<line number="2355" hits="1"/>
						<line number="2356" hits="1"/>
						<line number="2360" hits="1"/>
						<line number="2361" hits="1"/>
						<line number="2362" hits="1"/>
						<line number="2363" hits="1"/>
						<line number="2364" hits="1"/>
						<line number="2371" hits="0"/>
						<line number="2374" hits="1"/>
						<line number="2375" hits="1"/>
						<line number="2376" hits="1"/>
						<line number="2377" hits="1"/>
						<line number="2383" hits="0"/>
						<line number="2384" hits="0" branch="true" condition-coverage="0% (0/2)" missing-branches="2385,2389"/>
						<line number="2385" hits="0" branch="true" condition-coverage="0% (0/2)" missing-branches="2386,2387"/>
						<line number="2386" hits="0"/>
						<line number="2387" hits="0"/>
						<line number="2388" hits="0"/>
						<line number="2389" hits="0" branch="true" condition-coverage="0% (0/2)" missing-branches="2390,2391"/>
						<line number="2390" hits="0"/>
						<line number="2391" hits="0"/>
						<line number="2394" hits="1"/>
						<line number="2395" hits="1"/>
						<line number="2396" hits="1"/>
						<line number="2397" hits="1"/>
						<line number="2399" hits="0"/>
						<line number="2402" hits="1"/>
						<line number="2403" hits="1"/>
						<line number="2407" hits="1"/>
						<line number="2408" hits="1"/>
						<line number="2409" hits="1"/>
						<line number="2415" hits="1"/>
						<line number="2416" hits="1"/>
						<line number="2418" hits="0" branch="true" condition-coverage="0% (0/2)" missing-branches="2419,2421"/>
						<line number="2419" hits="0"/>
						<line number="2421" hits="0"/>
						<line number="2424" hits="1"/>
						<line number="2425" hits="1"/>
						<line number="2429" hits="1"/>
						<line number="2430" hits="1"/>
						<line number="2433" hits="1"/>
						<line number="2436" hits="1"/>
						<line number="2437" hits="1"/>
						<line number="2439" hits="0"/>
						<line number="2449" hits="1"/>
						<line number="2450" hits="1"/>
						<line number="2451" hits="1"/>
						<line number="2452" hits="1"/>
						<line number="2453" hits="1"/>
						<line number="2455" hits="0"/>
						<line number="2458" hits="1"/>
						<line number="2459" hits="1"/>
						<line number="2460" hits="1"/>
						<line number="2461" hits="1"/>
						<line number="2462" hits="1"/>
						<line number="2464" hits="0"/>
						<line number="2467" hits="1"/>
						<line number="2468" hits="1"/>
						<line number="2469" hits="1"/>
						<line number="2471" hits="0"/>
						<line number="2474" hits="1"/>
						<line number="2475" hits="1"/>
						<line number="2479" hits="1"/>
						<line number="2480" hits="1"/>
						<line number="2481" hits="1"/>
						<line number="2483" hits="0"/>
						<line number="2486" hits="1"/>
						<line number="2487" hits="1"/>
						<line number="2491" hits="1"/>
						<line number="2492" hits="1"/>
						<line number="2493" hits="1"/>
						<line number="2499" hits="1"/>
						<line number="2500" hits="1"/>
						<line number="2505" hits="0"/>
						<line number="2510" hits="0"/>
						<line number="2516" hits="1"/>
						<line number="2517" hits="1"/>
						<line number="2521" hits="1"/>
						<line number="2522" hits="1"/>
						<line number="2526" hits="1"/>
						<line number="2527" hits="1"/>
						<line number="2528" hits="1"/>
						<line number="2530" hits="0"/>
						<line number="2533" hits="1"/>
						<line number="2534" hits="1"/>
						<line number="2535" hits="1"/>
						<line number="2536" hits="1"/>
						<line number="2542" hits="1"/>
						<line number="2543" hits="1"/>
						<line number="2544" hits="1"/>
						<line number="2545" hits="1"/>
						<line number="2546" hits="1"/>
						<line number="2547" hits="1"/>
						<line number="2556" hits="0"/>
						<line number="2571" hits="1"/>
						<line number="2572" hits="1"/>
						<line number="2573" hits="1"/>
						<line number="2574" hits="1"/>
						<line number="2575" hits="1"/>
						<line number="2578" hits="1"/>
						<line number="2579" hits="1"/>
						<line number="2580" hits="1"/>
						<line number="2581" hits="1"/>
						<line number="2589" hits="0"/>
						<line number="2603" hits="1"/>
						<line number="2604" hits="1"/>
						<line number="2605" hits="1"/>
						<line number="2606" hits="1"/>
						<line number="2608" hits="0"/>
						<line number="2617" hits="1"/>
						<line number="2618" hits="1"/>
						<line number="2622" hits="1"/>
						<line number="2623" hits="1"/>
						<line number="2624" hits="1"/>
						<line number="2627" hits="1"/>
						<line number="2628" hits="1"/>
						<line number="2630" hits="0"/>
						<line number="2631" hits="0"/>
						<line number="2632" hits="0" branch="true" condition-coverage="0% (0/2)" missing-branches="2633,2636"/>
						<line number="2633" hits="0"/>
						<line number="2634" hits="0"/>
						<line number="2636" hits="0"/>
						<line number="2639" hits="1"/>
						<line number="2640" hits="1"/>
						<line number="2641" hits="1"/>
						<line number="2642" hits="1"/>
						<line number="2648" hits="1"/>
						<line number="2655" hits="1"/>
						<line number="2656" hits="1"/>
						<line number="2663" hits="0"/>
						<line number="2664" hits="0"/>
						<line number="2665" hits="0" branch="true" condition-coverage="0% (0/2)" missing-branches="2666,2682"/>
						<line number="2666" hits="0"/>
						<line number="2667" hits="0"/>
						<line number="2668" hits="0"/>
						<line number="2669" hits="0"/>
						<line number="2670" hits="0"/>
						<line number="2681" hits="0"/>
						<line number="2682" hits="0" branch="true" condition-coverage="0% (0/2)" missing-branches="2687,2688"/>
						<line number="2687" hits="0"/>
						<line number="2688" hits="0"/>
						<line number="2689" hits="0"/>
						<line number="2695" hits="1"/>
						<line number="2696" hits="0"/>
						<line number="2699" hits="1"/>
						<line number="2700" hits="0" branch="true" condition-coverage="0% (0/2)" missing-branches="2701,2702"/>
						<line number="2701" hits="0"/>
						<line number="2702" hits="0"/>
						<line number="2708" hits="1"/>
						<line number="2709" hits="1"/>
						<line number="2713" hits="1"/>
						<line number="2714" hits="1"/>
						<line number="2715" hits="1"/>
						<line number="2716" hits="1"/>
						<line number="2723" hits="1"/>
						<line number="2724" hits="1"/>
						<line number="2726" hits="0"/>
						<line number="2727" hits="0"/>
						<line number="2728" hits="0" branch="true" condition-coverage="0% (0/2)" missing-branches="2729,2732"/>
						<line number="2729" hits="0"/>
						<line number="2730" hits="0"/>
						<line number="2732" hits="0"/>
						<line number="2735" hits="1"/>
						<line number="2736" hits="1"/>
						<line number="2737" hits="1"/>
						<line number="2738" hits="1"/>
						<line number="2739" hits="1"/>
						<line number="2740" hits="1"/>
						<line number="2746" hits="1"/>
						<line number="2747" hits="1"/>
						<line number="2749" hits="0"/>
						<line number="2750" hits="0"/>
						<line number="2751" hits="0" branch="true" condition-coverage="0% (0/2)" missing-branches="2752,2753"/>
						<line number="2752" hits="0"/>
						<line number="2753" hits="0"/>
						<line number="2754" hits="0"/>
						<line number="2755" hits="0"/>
						<line number="2758" hits="1"/>
						<line number="2759" hits="1"/>
						<line number="2760" hits="1"/>
						<line number="2761" hits="1"/>
						<line number="2762" hits="1"/>
						<line number="2763" hits="1"/>
						<line number="2769" hits="1"/>
						<line number="2770" hits="1"/>
						<line number="2772" hits="0"/>
						<line number="2773" hits="0"/>
						<line number="2774" hits="0" branch="true" condition-coverage="0% (0/2)" missing-branches="2775,2776"/>
						<line number="2775" hits="0"/>
						<line number="2776" hits="0"/>
						<line number="2777" hits="0"/>
						<line number="2778" hits="0"/>
						<line number="2781" hits="1"/>
						<line number="2782" hits="1"/>
						<line number="2783" hits="1"/>
						<line number="2784" hits="1"/>
						<line number="2785" hits="1"/>
						<line number="2786" hits="1"/>
						<line number="2787" hits="1"/>
						<line number="2789" hits="0"/>
						<line number="2790" hits="0"/>
						<line number="2791" hits="0"/>
						<line number="2794" hits="1"/>
						<line number="2795" hits="1"/>
						<line number="2799" hits="1"/>
						<line number="2800" hits="1"/>
						<line number="2801" hits="1"/>
						<line number="2802" hits="1"/>
						<line number="2803" hits="1"/>
						<line number="2804" hits="1"/>
						<line number="2805" hits="0"/>
						<line number="2806" hits="0"/>
						<line number="2809" hits="1"/>
						<line number="2810" hits="1"/>
						<line number="2811" hits="1"/>
						<line number="2812" hits="1"/>
						<line number="2813" hits="1"/>
						<line number="2814" hits="1"/>
						<line number="2815" hits="1"/>
						<line number="2821" hits="1"/>
						<line number="2822" hits="1"/>
						<line number="2823" hits="0"/>
						<line number="2824" hits="0"/>
						<line number="2825" hits="0" branch="true" condition-coverage="0% (0/2)" missing-branches="2826,2827"/>
						<line number="2826" hits="0"/>
						<line number="2827" hits="0"/>
						<line number="2828" hits="0"/>
						<line number="2829" hits="0"/>
						<line number="2837" hits="1"/>
						<line number="2838" hits="1"/>
						<line number="2839" hits="1"/>
						<line number="2840" hits="1"/>
						<line number="2841" hits="1"/>
						<line number="2842" hits="1"/>
						<line number="2843" hits="1"/>
						<line number="2848" hits="0"/>
						<line number="2849" hits="0"/>
						<line number="2860" hits="1"/>
						<line number="2861" hits="1"/>
						<line number="2862" hits="1"/>
						<line number="2869" hits="1"/>
						<line number="2870" hits="1"/>
						<line number="2872" hits="0"/>
						<line number="2873" hits="0"/>
						<line number="2876" hits="1"/>
						<line number="2877" hits="1"/>
						<line number="2881" hits="1"/>
						<line number="2882" hits="1"/>
						<line number="2883" hits="1"/>
						<line number="2885" hits="0"/>
						<line number="2888" hits="1"/>
						<line number="2889" hits="1"/>
						<line number="2890" hits="1"/>
						<line number="2891" hits="1"/>
						<line number="2893" hits="0"/>
						<line number="2902" hits="1"/>
						<line number="2903" hits="1"/>
						<line number="2904" hits="1"/>
						<line number="2905" hits="1"/>
						<line number="2906" hits="1"/>
						<line number="2908" hits="0"/>
						<line number="2914" hits="1"/>
						<line number="2915" hits="1"/>
						<line number="2922" hits="1"/>
						<line number="2923" hits="1"/>
						<line number="2924" hits="1"/>
						<line number="2925" hits="1"/>
						<line number="2926" hits="1"/>
						<line number="2929" hits="1"/>
						<line number="2930" hits="1"/>
						<line number="2932" hits="0"/>
						<line number="2933" hits="0"/>
						<line number="2939" hits="0"/>
						<line number="2947" hits="0"/>
						<line number="2950" hits="1"/>
						<line number="2951" hits="1"/>
						<line number="2952" hits="1"/>
						<line number="2953" hits="1"/>
						<line number="2954" hits="1"/>
						<line number="2955" hits="1"/>
						<line number="2957" hits="0"/>
						<line number="2958" hits="0"/>
						<line number="2959" hits="0"/>
						<line number="2960" hits="0"/>
						<line number="2961" hits="0"/>
						<line number="2962" hits="0"/>
						<line number="2963" hits="0"/>
						<line number="2964" hits="0" branch="true" condition-coverage="0% (0/2)" missing-branches="2965,2968"/>
						<line number="2965" hits="0"/>
						<line number="2966" hits="0"/>
						<line number="2968" hits="0"/>
						<line number="2971" hits="1"/>
						<line number="2972" hits="1"/>
						<line number="2973" hits="1"/>
						<line number="2974" hits="1"/>
						<line number="2975" hits="1"/>
						<line number="2978" hits="1"/>
						<line number="2984" hits="1"/>
						<line number="2985" hits="1"/>
						<line number="2987" hits="0"/>
						<line number="2988" hits="0"/>
						<line number="2989" hits="0"/>
						<line number="2990" hits="0"/>
						<line number="2991" hits="0"/>
						<line number="2992" hits="0"/>
						<line number="2993" hits="0"/>
						<line number="2994" hits="0"/>
						<line number="2995" hits="0"/>
						<line number="2996" hits="0"/>
						<line number="2997" hits="0"/>
						<line number="3003" hits="0" branch="true" condition-coverage="0% (0/2)" missing-branches="3004,3006"/>
						<line number="3004" hits="0"/>
						<line number="3005" hits="0"/>
						<line number="3006" hits="0"/>
						<line number="3007" hits="0"/>
						<line number="3008" hits="0"/>
						<line number="3011" hits="1"/>
						<line number="3012" hits="1"/>
						<line number="3013" hits="1"/>
						<line number="3014" hits="1"/>
						<line number="3015" hits="1"/>
						<line number="3021" hits="1"/>
						<line number="3022" hits="1"/>
						<line number="3024" hits="0"/>
						<line number="3025" hits="0"/>
						<line number="3026" hits="0"/>
						<line number="3027" hits="0"/>
						<line number="3028" hits="0"/>
						<line number="3029" hits="0"/>
						<line number="3030" hits="0"/>
						<line number="3031" hits="0" branch="true" condition-coverage="0% (0/2)" missing-branches="3032,3034"/>
						<line number="3032" hits="0"/>
						<line number="3033" hits="0"/>
						<line number="3034" hits="0" branch="true" condition-coverage="0% (0/2)" missing-branches="3038,3040"/>
						<line number="3038" hits="0"/>
						<line number="3039" hits="0"/>
						<line number="3040" hits="0"/>
						<line number="3041" hits="0"/>
						<line number="3042" hits="0"/>
						<line number="3045" hits="1"/>
						<line number="3046" hits="1"/>
						<line number="3047" hits="1"/>
						<line number="3048" hits="1"/>
						<line number="3049" hits="1"/>
						<line number="3052" hits="1"/>
						<line number="3058" hits="1"/>
						<line number="3064" hits="1"/>
						<line number="3065" hits="1"/>
						<line number="3067" hits="0"/>
						<line number="3068" hits="0"/>
						<line number="3069" hits="0"/>
						<line number="3070" hits="0"/>
						<line number="3071" hits="0"/>
						<line number="3072" hits="0"/>
						<line number="3073" hits="0"/>
						<line number="3074" hits="0"/>
						<line number="3075" hits="0"/>
						<line number="3076" hits="0" branch="true" condition-coverage="0% (0/2)" missing-branches="3077,3087"/>
						<line number="3077" hits="0"/>
						<line number="3086" hits="0"/>
						<line number="3087" hits="0"/>
						<line number="3088" hits="0"/>
						<line number="3091" hits="1"/>
						<line number="3092" hits="1"/>
						<line number="3093" hits="1"/>
						<line number="3099" hits="1"/>
						<line number="3107" hits="1"/>
						<line number="3108" hits="1"/>
						<line number="3110" hits="1"/>
						<line number="3111" hits="1"/>
						<line number="3112" hits="1"/>
						<line number="3113" hits="1"/>
						<line number="3114" hits="1"/>
						<line number="3115" hits="1" branch="true" condition-coverage="50% (1/2)" missing-branches="3168"/>
						<line number="3117" hits="1"/>
						<line number="3155" hits="1"/>
						<line number="3159" hits="1"/>
						<line number="3160" hits="1"/>
						<line number="3161" hits="1"/>
						<line number="3162" hits="1"/>
						<line number="3168" hits="1"/>
						<line number="3173" hits="1"/>
						<line number="3180" hits="1" branch="true" condition-coverage="50% (1/2)" missing-branches="3187"/>
						<line number="3182" hits="1"/>
						<line number="3187" hits="1" branch="true" condition-coverage="50% (1/2)" missing-branches="3188"/>
						<line number="3188" hits="0"/>
						<line number="3189" hits="0"/>
						<line number="3193" hits="1"/>
						<line number="3196" hits="1"/>
						<line number="3197" hits="1"/>
						<line number="3198" hits="1"/>
						<line number="3201" hits="1"/>
						<line number="3208" hits="1"/>
						<line number="3214" hits="1"/>
						<line number="3221" hits="1"/>
						<line number="3222" hits="1"/>
						<line number="3223" hits="1"/>
						<line number="3238" hits="0" branch="true" condition-coverage="0% (0/2)" missing-branches="3239,3246"/>
						<line number="3239" hits="0"/>
						<line number="3245" hits="0"/>
						<line number="3246" hits="0"/>
						<line number="3247" hits="0"/>
						<line number="3248" hits="0"/>
						<line number="3255" hits="0" branch="true" condition-coverage="0% (0/2)" missing-branches="3256,3257"/>
						<line number="3256" hits="0"/>
						<line number="3257" hits="0"/>
						<line number="3260" hits="1"/>
						<line number="3261" hits="1"/>
						<line number="3262" hits="1"/>
						<line number="3263" hits="1"/>
						<line number="3270" hits="1"/>
						<line number="3276" hits="1"/>
						<line number="3283" hits="1"/>
						<line number="3290" hits="1"/>
						<line number="3296" hits="1"/>
						<line number="3302" hits="1"/>
						<line number="3308" hits="1"/>
						<line number="3314" hits="1"/>
						<line number="3315" hits="1"/>
						<line number="3316" hits="1"/>
						<line number="3344" hits="0"/>
						<line number="3345" hits="0" branch="true" condition-coverage="0% (0/2)" missing-branches="3346,3351"/>
						<line number="3346" hits="0" branch="true" condition-coverage="0% (0/2)" missing-branches="3347,3349"/>
						<line number="3347" hits="0"/>
						<line number="3348" hits="0"/>
						<line number="3349" hits="0"/>
						<line number="3350" hits="0"/>
						<line number="3351" hits="0"/>
						<line number="3374" hits="1"/>
						<line number="3375" hits="1"/>
						<line number="3376" hits="1"/>
						<line number="3377" hits="1"/>
						<line number="3378" hits="1"/>
						<line number="3381" hits="1"/>
						<line number="3387" hits="1"/>
						<line number="3390" hits="1"/>
						<line number="3391" hits="1"/>
						<line number="3408" hits="0"/>
						<line number="3409" hits="0"/>
						<line number="3410" hits="0" branch="true" condition-coverage="0% (0/2)" missing-branches="3411,3413"/>
						<line number="3411" hits="0"/>
						<line number="3412" hits="0"/>
						<line number="3413" hits="0" branch="true" condition-coverage="0% (0/2)" missing-branches="3414,3427"/>
						<line number="3414" hits="0" branch="true" condition-coverage="0% (0/2)" missing-branches="3415,3417"/>
						<line number="3415" hits="0"/>
						<line number="3416" hits="0"/>
						<line number="3417" hits="0" branch="true" condition-coverage="0% (0/2)" missing-branches="3418,3419"/>
						<line number="3418" hits="0"/>
						<line number="3419" hits="0" branch="true" condition-coverage="0% (0/2)" missing-branches="3420,3425"/>
						<line number="3420" hits="0"/>
						<line number="3421" hits="0"/>
						<line number="3422" hits="0"/>
						<line number="3423" hits="0"/>
						<line number="3425" hits="0"/>
						<line number="3426" hits="0"/>
						<line number="3427" hits="0"/>
						<line number="3428" hits="0" branch="true" condition-coverage="0% (0/2)" missing-branches="3429,3431"/>
						<line number="3429" hits="0"/>
						<line number="3431" hits="0"/>
						<line number="3432" hits="0"/>
						<line number="3433" hits="0"/>
						<line number="3434" hits="0"/>
						<line number="3435" hits="0" branch="true" condition-coverage="0% (0/2)" missing-branches="3436,3438"/>
						<line number="3436" hits="0"/>
						<line number="3437" hits="0"/>
						<line number="3438" hits="0"/>
						<line number="3439" hits="0"/>
						<line number="3445" hits="1"/>
						<line number="3446" hits="1"/>
						<line number="3450" hits="1"/>
						<line number="3451" hits="1"/>
						<line number="3452" hits="1"/>
						<line number="3453" hits="1"/>
						<line number="3455" hits="0"/>
						<line number="3458" hits="1"/>
						<line number="3459" hits="1"/>
						<line number="3460" hits="1"/>
						<line number="3461" hits="1"/>
						<line number="3463" hits="0"/>
						<line number="3464" hits="0" branch="true" condition-coverage="0% (0/2)" missing-branches="3465,3467"/>
						<line number="3465" hits="0"/>
						<line number="3466" hits="0"/>
						<line number="3467" hits="0"/>
						<line number="3470" hits="1"/>
						<line number="3471" hits="1"/>
						<line number="3472" hits="1"/>
						<line number="3473" hits="1"/>
						<line number="3474" hits="1"/>
						<line number="3476" hits="0" branch="true" condition-coverage="0% (0/2)" missing-branches="3477,3480"/>
						<line number="3477" hits="0" branch="true" condition-coverage="0% (0/2)" missing-branches="3478,3480"/>
						<line number="3478" hits="0"/>
						<line number="3479" hits="0"/>
						<line number="3480" hits="0"/>
						<line number="3489" hits="1"/>
						<line number="3490" hits="1"/>
						<line number="3491" hits="1"/>
						<line number="3492" hits="1"/>
						<line number="3494" hits="0"/>
						<line number="3503" hits="1"/>
						<line number="3504" hits="1"/>
						<line number="3505" hits="1"/>
						<line number="3506" hits="1"/>
						<line number="3512" hits="0"/>
						<line number="3515" hits="1"/>
						<line number="3516" hits="1"/>
						<line number="3517" hits="1"/>
						<line number="3518" hits="1"/>
						<line number="3523" hits="1"/>
						<line number="3524" hits="1"/>
						<line number="3526" hits="0"/>
						<line number="3527" hits="0" branch="true" condition-coverage="0% (0/2)" missing-branches="3528,3529"/>
						<line number="3528" hits="0"/>
						<line number="3529" hits="0"/>
						<line number="3532" hits="1"/>
						<line number="3533" hits="1"/>
						<line number="3534" hits="1"/>
						<line number="3535" hits="1"/>
						<line number="3540" hits="1"/>
						<line number="3541" hits="1"/>
						<line number="3547" hits="0"/>
						<line number="3548" hits="0" branch="true" condition-coverage="0% (0/2)" missing-branches="3549,3550"/>
						<line number="3549" hits="0"/>
						<line number="3550" hits="0" branch="true" condition-coverage="0% (0/2)" missing-branches="3551,3553"/>
						<line number="3551" hits="0"/>
						<line number="3552" hits="0"/>
						<line number="3553" hits="0"/>
						<line number="3556" hits="1"/>
						<line number="3557" hits="1"/>
						<line number="3558" hits="1"/>
						<line number="3559" hits="1"/>
						<line number="3562" hits="1"/>
						<line number="3563" hits="1"/>
						<line number="3569" hits="0"/>
						<line number="3570" hits="0" branch="true" condition-coverage="0% (0/2)" missing-branches="3571,3573"/>
						<line number="3571" hits="0"/>
						<line number="3572" hits="0"/>
						<line number="3573" hits="0"/>
						<line number="3582" hits="1"/>
						<line number="3583" hits="1"/>
						<line number="3584" hits="1"/>
						<line number="3587" hits="1"/>
						<line number="3588" hits="1"/>
						<line number="3590" hits="0"/>
						<line number="3591" hits="0"/>
						<line number="3592" hits="0" branch="true" condition-coverage="0% (0/2)" missing-branches="3593,3596"/>
						<line number="3593" hits="0"/>
						<line number="3594" hits="0"/>
						<line number="3596" hits="0"/>
						<line number="3599" hits="1"/>
						<line number="3600" hits="1"/>
						<line number="3601" hits="1"/>
						<line number="3602" hits="1"/>
						<line number="3608" hits="1"/>
						<line number="3615" hits="1"/>
						<line number="3616" hits="1"/>
						<line number="3623" hits="1"/>
						<line number="3624" hits="1"/>
						<line number="3625" hits="1" branch="true" condition-coverage="100% (2/2)"/>
						<line number="3626" hits="1"/>
						<line number="3627" hits="1"/>
						<line number="3628" hits="0"/>
						<line number="3629" hits="0"/>
						<line number="3630" hits="1"/>
						<line number="3631" hits="1"/>
						<line number="3632" hits="1"/>
						<line number="3633" hits="1" branch="true" condition-coverage="50% (1/2)" missing-branches="3637"/>
						<line number="3637" hits="0"/>
						<line number="3638" hits="1"/>
						<line number="3647" hits="1"/>
						<line number="3648" hits="1"/>
						<line number="3649" hits="1"/>
						<line number="3650" hits="1"/>
						<line number="3651" hits="1"/>
						<line number="3653" hits="0"/>
						<line number="3654" hits="0"/>
						<line number="3657" hits="1"/>
						<line number="3658" hits="1"/>
						<line number="3659" hits="1"/>
						<line number="3662" hits="1"/>
						<line number="3663" hits="1"/>
						<line number="3665" hits="0"/>
						<line number="3666" hits="0"/>
						<line number="3667" hits="0" branch="true" condition-coverage="0% (0/2)" missing-branches="3668,3671"/>
						<line number="3668" hits="0"/>
						<line number="3669" hits="0"/>
						<line number="3671" hits="0"/>
						<line number="3674" hits="1"/>
						<line number="3675" hits="1"/>
						<line number="3676" hits="1"/>
						<line number="3677" hits="1"/>
						<line number="3683" hits="1"/>
						<line number="3690" hits="1"/>
						<line number="3691" hits="1"/>
						<line number="3698" hits="0"/>
						<line number="3699" hits="0"/>
						<line number="3700" hits="0" branch="true" condition-coverage="0% (0/2)" missing-branches="3701,3708"/>
						<line number="3701" hits="0"/>
						<line number="3702" hits="0"/>
						<line number="3703" hits="0"/>
						<line number="3704" hits="0"/>
						<line number="3705" hits="0"/>
						<line number="3706" hits="0"/>
						<line number="3707" hits="0"/>
						<line number="3708" hits="0" branch="true" condition-coverage="0% (0/2)" missing-branches="3712,3713"/>
						<line number="3712" hits="0"/>
						<line number="3713" hits="0"/>
						<line number="3719" hits="1"/>
						<line number="3720" hits="1"/>
						<line number="3721" hits="1"/>
						<line number="3722" hits="1"/>
						<line number="3723" hits="1"/>
						<line number="3725" hits="0"/>
						<line number="3726" hits="0"/>
						<line number="3732" hits="1"/>
						<line number="3733" hits="1"/>
						<line number="3737" hits="1"/>
						<line number="3738" hits="1"/>
						<line number="3739" hits="1"/>
						<line number="3740" hits="1"/>
						<line number="3741" hits="1"/>
						<line number="3742" hits="1"/>
						<line number="3747" hits="1"/>
[...]
						<line number="36" hits="1"/>
						<line number="37" hits="1"/>
						<line number="38" hits="1" branch="true" condition-coverage="50% (1/2)" missing-branches="39"/>
						<line number="39" hits="0"/>
						<line number="40" hits="1"/>
						<line number="43" hits="1"/>
						<line number="45" hits="1"/>
						<line number="46" hits="1" branch="true" condition-coverage="100% (2/2)"/>
						<line number="47" hits="1"/>
						<line number="48" hits="1"/>
						<line number="49" hits="1"/>
						<line number="52" hits="1"/>
						<line number="55" hits="1"/>
						<line number="59" hits="1"/>
						<line number="62" hits="1"/>
						<line number="69" hits="1"/>
						<line number="70" hits="1"/>
						<line number="71" hits="1"/>
						<line number="72" hits="1"/>
						<line number="73" hits="1"/>
						<line number="74" hits="1"/>
						<line number="75" hits="1" branch="true" condition-coverage="100% (2/2)"/>
						<line number="76" hits="1"/>
						<line number="77" hits="1"/>
						<line number="81" hits="1"/>
						<line number="82" hits="1"/>
						<line number="84" hits="1"/>
						<line number="85" hits="1"/>
						<line number="94" hits="1"/>
						<line number="95" hits="1" branch="true" condition-coverage="50% (1/2)" missing-branches="100"/>
						<line number="100" hits="0"/>
						<line number="101" hits="0"/>
						<line number="105" hits="0" branch="true" condition-coverage="0% (0/2)" missing-branches="106,115"/>
						<line number="106" hits="0"/>
						<line number="113" hits="0"/>
						<line number="114" hits="0"/>
						<line number="115" hits="0"/>
						<line number="120" hits="1"/>
						<line number="121" hits="1" branch="true" condition-coverage="50% (1/2)" missing-branches="122"/>
						<line number="122" hits="0"/>
						<line number="123" hits="1"/>
						<line number="124" hits="1" branch="true" condition-coverage="100% (2/2)"/>
						<line number="125" hits="1"/>
						<line number="126" hits="1"/>
						<line number="127" hits="0"/>
						<line number="128" hits="0"/>
						<line number="129" hits="1"/>
						<line number="133" hits="1"/>
						<line number="135" hits="1"/>
						<line number="136" hits="1"/>
						<line number="137" hits="1"/>
						<line number="138" hits="1"/>
						<line number="139" hits="0"/>
						<line number="140" hits="0"/>
						<line number="141" hits="1"/>
						<line number="142" hits="1" branch="true" condition-coverage="50% (1/2)" missing-branches="143"/>
						<line number="143" hits="0"/>
						<line number="144" hits="1"/>
						<line number="146" hits="1"/>
						<line number="148" hits="1"/>
						<line number="149" hits="1" branch="true" condition-coverage="50% (1/2)" missing-branches="150"/>
						<line number="150" hits="0"/>
						<line number="151" hits="1" branch="true" condition-coverage="50% (1/2)" missing-branches="154"/>
						<line number="154" hits="0"/>
						<line number="161" hits="1"/>
						<line number="167" hits="0"/>
						<line number="168" hits="0"/>
						<line number="169" hits="0"/>
						<line number="170" hits="0"/>
						<line number="171" hits="1"/>
						<line number="172" hits="1" branch="true" condition-coverage="50% (1/2)" missing-branches="173"/>
						<line number="173" hits="0"/>
						<line number="174" hits="1"/>
						<line number="176" hits="1"/>
						<line number="178" hits="0"/>
						<line number="179" hits="0"/>
						<line number="180" hits="0"/>
						<line number="181" hits="0"/>
						<line number="182" hits="0"/>
						<line number="183" hits="0" branch="true" condition-coverage="0% (0/2)" missing-branches="184,185"/>
						<line number="184" hits="0"/>
						<line number="185" hits="0"/>
						<line number="189" hits="1"/>
						<line number="196" hits="1" branch="true" condition-coverage="50% (1/2)" missing-branches="197"/>
						<line number="197" hits="0"/>
						<line number="202" hits="1"/>
						<line number="203" hits="1"/>
						<line number="204" hits="1"/>
						<line number="205" hits="1"/>
						<line number="206" hits="0"/>
						<line number="207" hits="0"/>
						<line number="208" hits="1"/>
						<line number="209" hits="1"/>
						<line number="211" hits="1"/>
						<line number="212" hits="1"/>
						<line number="216" hits="1"/>
						<line number="218" hits="1"/>
						<line number="219" hits="1" branch="true" condition-coverage="50% (1/2)" missing-branches="220"/>
						<line number="220" hits="0"/>
						<line number="221" hits="1"/>
						<line number="222" hits="1"/>
						<line number="223" hits="1" branch="true" condition-coverage="50% (1/2)" missing-branches="224"/>
						<line number="224" hits="0"/>
						<line number="227" hits="1" branch="true" condition-coverage="50% (1/2)" missing-branches="228"/>
						<line number="228" hits="0"/>
						<line number="230" hits="1"/>
						<line number="231" hits="1" branch="true" condition-coverage="50% (1/2)" missing-branches="232"/>
						<line number="232" hits="0"/>
						<line number="233" hits="1"/>
						<line number="235" hits="1"/>
						<line number="236" hits="1" branch="true" condition-coverage="50% (1/2)" missing-branches="251"/>
						<line number="237" hits="1"/>
						<line number="238" hits="1" branch="true" condition-coverage="50% (1/2)" missing-branches="239"/>
						<line number="239" hits="0"/>
						<line number="240" hits="1"/>
						<line number="241" hits="1" branch="true" condition-coverage="50% (1/2)" missing-branches="242"/>
						<line number="242" hits="0"/>
						<line number="243" hits="1" branch="true" condition-coverage="50% (1/2)" missing-branches="236"/>
						<line number="244" hits="1" branch="true" condition-coverage="50% (1/2)" missing-branches="245"/>
						<line number="245" hits="0"/>
						<line number="246" hits="0"/>
						<line number="250" hits="1"/>
						<line number="251" hits="0"/>
						<line number="253" hits="1"/>
						<line number="264" hits="1" branch="true" condition-coverage="50% (1/2)" missing-branches="265"/>
						<line number="265" hits="0"/>
						<line number="270" hits="1"/>
						<line number="271" hits="1"/>
						<line number="272" hits="1"/>
						<line number="273" hits="1"/>
						<line number="274" hits="1"/>
						<line number="275" hits="1"/>
						<line number="276" hits="1"/>
						<line number="277" hits="1" branch="true" condition-coverage="50% (1/2)" missing-branches="278"/>
						<line number="278" hits="0"/>
						<line number="279" hits="1"/>
						<line number="280" hits="1"/>
						<line number="281" hits="1" branch="true" condition-coverage="50% (1/2)" missing-branches="282"/>
						<line number="282" hits="0"/>
						<line number="284" hits="1"/>
						<line number="285" hits="1"/>
						<line number="286" hits="1" branch="true" condition-coverage="100% (2/2)"/>
						<line number="287" hits="1"/>
						<line number="288" hits="1"/>
						<line number="290" hits="1"/>
						<line number="291" hits="1" branch="true" condition-coverage="50% (1/2)" missing-branches="292"/>
						<line number="292" hits="0"/>
						<line number="293" hits="0"/>
						<line number="294" hits="0"/>
						<line number="295" hits="0"/>
						<line number="296" hits="0"/>
						<line number="297" hits="0"/>
						<line number="298" hits="0" branch="true" condition-coverage="0% (0/2)" missing-branches="299,300"/>
						<line number="299" hits="0"/>
						<line number="300" hits="0"/>
						<line number="301" hits="0" branch="true" condition-coverage="0% (0/2)" missing-branches="302,303"/>
						<line number="302" hits="0"/>
						<line number="303" hits="0" branch="true" condition-coverage="0% (0/2)" missing-branches="291,304"/>
						<line number="304" hits="0"/>
						<line number="309" hits="1" branch="true" condition-coverage="50% (1/2)" missing-branches="323"/>
						<line number="310" hits="1"/>
						<line number="311" hits="1"/>
						<line number="312" hits="1"/>
						<line number="321" hits="1"/>
						<line number="322" hits="1"/>
						<line number="323" hits="1"/>
						<line number="324" hits="1"/>
					</lines>
				</class>
				<class name="repl_skin.py" filename="homeassistant/utils/repl_skin.py" complexity="0" line-rate="0.2305" branch-rate="0">
					<methods/>
					<lines>
						<line number="21" hits="1"/>
						<line number="22" hits="1"/>
						<line number="23" hits="1"/>
						<line number="27" hits="1"/>
						<line number="28" hits="1"/>
						<line number="29" hits="1"/>
						<line number="30" hits="1"/>
						<line number="31" hits="1"/>
						<line number="34" hits="1"/>
						<line number="35" hits="1"/>
						<line number="36" hits="1"/>
						<line number="37" hits="1"/>
						<line number="38" hits="1"/>
						<line number="39" hits="1"/>
						<line number="42" hits="1"/>
						<line number="53" hits="1"/>
						<line number="56" hits="1"/>
						<line number="57" hits="1"/>
						<line number="58" hits="1"/>
						<line number="59" hits="1"/>
						<line number="60" hits="1"/>
						<line number="62" hits="1"/>
						<line number="67" hits="1"/>
						<line number="68" hits="1"/>
						<line number="72" hits="1"/>
						<line number="73" hits="1"/>
						<line number="74" hits="1"/>
						<line number="75" hits="1"/>
						<line number="76" hits="1"/>
						<line number="77" hits="1"/>
						<line number="78" hits="1"/>
						<line number="79" hits="1"/>
						<line number="80" hits="1"/>
						<line number="81" hits="1"/>
						<line number="82" hits="1"/>
						<line number="85" hits="1"/>
						<line number="87" hits="0"/>
						<line number="89" hits="0"/>
						<line number="92" hits="1"/>
						<line number="94" hits="0"/>
						<line number="97" hits="1"/>
						<line number="99" hits="0"/>
						<line number="100" hits="0"/>
						<line number="101" hits="0"/>
						<line number="102" hits="0"/>
						<line number="103" hits="0"/>
						<line number="104" hits="0"/>
						<line number="105" hits="0"/>
						<line number="108" hits="1"/>
						<line number="115" hits="1"/>
						<line number="134" hits="0"/>
						<line number="135" hits="0"/>
						<line number="136" hits="0"/>
						<line number="137" hits="0"/>
						<line number="138" hits="0"/>
						<line number="139" hits="0"/>
						<line number="140" hits="0"/>
						<line number="143" hits="0"/>
						<line number="148" hits="0"/>
						<line number="153" hits="0" branch="true" condition-coverage="0% (0/2)" missing-branches="154,165"/>
						<line number="154" hits="0"/>
						<line number="155" hits="0"/>
						<line number="156" hits="0" branch="true" condition-coverage="0% (0/2)" missing-branches="157,161"/>
						<line number="157" hits="0"/>
						<line number="158" hits="0" branch="true" condition-coverage="0% (0/2)" missing-branches="156,159"/>
						<line number="159" hits="0"/>
						<line number="160" hits="0"/>
						<line number="161" hits="0" branch="true" condition-coverage="0% (0/2)" missing-branches="162,163"/>
						<line number="162" hits="0"/>
						<line number="163" hits="0" branch="true" condition-coverage="0% (0/2)" missing-branches="164,165"/>
						<line number="164" hits="0"/>
						<line number="165" hits="0"/>
						<line number="166" hits="0"/>
						<line number="169" hits="0" branch="true" condition-coverage="0% (0/2)" missing-branches="170,174"/>
						<line number="170" hits="0"/>
						<line number="171" hits="0"/>
						<line number="172" hits="0"/>
						<line number="174" hits="0"/>
						<line number="177" hits="0"/>
						<line number="179" hits="1"/>
						<line number="181" hits="0" branch="true" condition-coverage="0% (0/2)" missing-branches="182,183"/>
						<line number="182" hits="0"/>
						<line number="183" hits="0" branch="true" condition-coverage="0% (0/2)" missing-branches="184,185"/>
						<line number="184" hits="0"/>
						<line number="185" hits="0" branch="true" condition-coverage="0% (0/2)" missing-branches="186,187"/>
						<line number="186" hits="0"/>
						<line number="187" hits="0"/>
						<line number="189" hits="1"/>
						<line number="191" hits="0" branch="true" condition-coverage="0% (0/2)" missing-branches="192,193"/>
						<line number="192" hits="0"/>
						<line number="193" hits="0"/>
						<line number="197" hits="1"/>
						<line number="199" hits="0"/>
						<line number="201" hits="0"/>
						<line number="203" hits="0"/>
						<line number="205" hits="0"/>
						<line number="206" hits="0"/>
						<line number="207" hits="0"/>
						<line number="209" hits="0"/>
						<line number="211" hits="0"/>
						<line number="212" hits="0"/>
						<line number="213" hits="0"/>
						<line number="214" hits="0"/>
						<line number="215" hits="0"/>
						<line number="221" hits="0"/>
						<line number="222" hits="0"/>
						<line number="223" hits="0" branch="true" condition-coverage="0% (0/2)" missing-branches="224,225"/>
						<line number="224" hits="0"/>
						<line number="225" hits="0"/>
						<line number="227" hits="0"/>
						<line number="228" hits="0"/>
						<line number="231" hits="0"/>
						<line number="232" hits="0"/>
						<line number="233" hits="0"/>
						<line number="234" hits="0"/>
						<line number="235" hits="0"/>
						<line number="237" hits="0"/>
						<line number="238" hits="0"/>
						<line number="239" hits="0"/>
						<line number="241" hits="0"/>
						<line number="242" hits="0"/>
						<line number="243" hits="0"/>
						<line number="244" hits="0"/>
						<line number="245" hits="0"/>
						<line number="246" hits="0"/>
						<line number="247" hits="0" branch="true" condition-coverage="0% (0/2)" missing-branches="248,249"/>
						<line number="248" hits="0"/>
						<line number="249" hits="0"/>
						<line number="250" hits="0"/>
						<line number="251" hits="0"/>
						<line number="252" hits="0"/>
						<line number="256" hits="1"/>
						<line number="267" hits="0"/>
						<line number="270" hits="0" branch="true" condition-coverage="0% (0/2)" missing-branches="271,273"/>
						<line number="271" hits="0"/>
						<line number="273" hits="0"/>
						<line number="276" hits="0"/>
						<line number="279" hits="0" branch="true" condition-coverage="0% (0/2)" missing-branches="280,286"/>
						<line number="280" hits="0"/>
						<line number="281" hits="0"/>
						<line number="282" hits="0"/>
						<line number="283" hits="0"/>
						<line number="284" hits="0"/>
						<line number="286" hits="0"/>
						<line number="288" hits="0"/>
						<line number="290" hits="1"/>
						<line number="298" hits="0"/>
						<line number="299" hits="0"/>
						<line number="301" hits="0"/>
						<line number="302" hits="0"/>
						<line number="304" hits="0" branch="true" condition-coverage="0% (0/2)" missing-branches="305,311"/>
						<line number="305" hits="0"/>
						<line number="306" hits="0"/>
						<line number="307" hits="0"/>
						<line number="308" hits="0"/>
						<line number="309" hits="0"/>
						<line number="311" hits="0"/>
						<line number="313" hits="0"/>
						<line number="315" hits="1"/>
						<line number="321" hits="0"/>
						<line number="322" hits="0"/>
						<line number="323" hits="0"/>
						<line number="324" hits="0"/>
						<line number="326" hits="0"/>
						<line number="328" hits="0"/>
						<line number="350" hits="1"/>
						<line number="352" hits="0"/>
						<line number="353" hits="0"/>
						<line number="355" hits="1"/>
						<line number="357" hits="0"/>
						<line number="358" hits="0"/>
						<line number="360" hits="1"/>
						<line number="362" hits="0"/>
						<line number="363" hits="0"/>
						<line number="365" hits="1"/>
						<line number="367" hits="0"/>
						<line number="368" hits="0"/>
						<line number="370" hits="1"/>
						<line number="372" hits="0"/>
						<line number="374" hits="1"/>
						<line number="376" hits="0"/>
						<line number="377" hits="0"/>
						<line number="378" hits="0"/>
						<line number="382" hits="1"/>
						<line number="384" hits="0"/>
						<line number="385" hits="0"/>
						<line number="386" hits="0"/>
						<line number="388" hits="1"/>
						<line number="395" hits="0" branch="true" condition-coverage="0% (0/2)" missing-branches="396,398"/>
						<line number="396" hits="0"/>
						<line number="398" hits="0"/>
						<line number="399" hits="0" branch="true" condition-coverage="0% (0/2)" missing-branches="exit,400"/>
						<line number="400" hits="0"/>
						<line number="401" hits="0"/>
						<line number="402" hits="0"/>
						<line number="404" hits="1"/>
						<line number="412" hits="0"/>
						<line number="413" hits="0"/>
						<line number="414" hits="0"/>
						<line number="415" hits="0"/>
						<line number="416" hits="0"/>
						<line number="417" hits="0" branch="true" condition-coverage="0% (0/2)" missing-branches="418,419"/>
						<line number="418" hits="0"/>
						<line number="419" hits="0"/>
						<line number="423" hits="1"/>
						<line number="431" hits="0" branch="true" condition-coverage="0% (0/2)" missing-branches="432,435"/>
						<line number="432" hits="0"/>
						<line number="435" hits="0"/>
						<line number="436" hits="0" branch="true" condition-coverage="0% (0/2)" missing-branches="437,441"/>
						<line number="437" hits="0" branch="true" condition-coverage="0% (0/2)" missing-branches="436,438"/>
						<line number="438" hits="0" branch="true" condition-coverage="0% (0/2)" missing-branches="437,439"/>
						<line number="439" hits="0"/>
						<line number="441" hits="0"/>
						<line number="442" hits="0"/>
						<line number="443" hits="0"/>
						<line number="446" hits="0"/>
						<line number="449" hits="0"/>
						<line number="450" hits="0"/>
						<line number="451" hits="0"/>
						<line number="454" hits="0"/>
						<line number="455" hits="0"/>
						<line number="456" hits="0"/>
						<line number="459" hits="0" branch="true" condition-coverage="0% (0/2)" missing-branches="exit,460"/>
						<line number="460" hits="0"/>
						<line number="461" hits="0" branch="true" condition-coverage="0% (0/2)" missing-branches="462,464"/>
						<line number="462" hits="0" branch="true" condition-coverage="0% (0/2)" missing-branches="461,463"/>
						<line number="463" hits="0"/>
						<line number="464" hits="0"/>
						<line number="465" hits="0"/>
						<line number="469" hits="1"/>
						<line number="475" hits="0"/>
						<line number="476" hits="0"/>
						<line number="477" hits="0" branch="true" condition-coverage="0% (0/2)" missing-branches="478,481"/>
						<line number="478" hits="0"/>
						<line number="479" hits="0"/>
						<line number="480" hits="0"/>
						<line number="481" hits="0"/>
						<line number="485" hits="1"/>
						<line number="487" hits="0"/>
						<line number="491" hits="1"/>
						<line number="497" hits="0"/>
						<line number="498" hits="0"/>
						<line number="499" hits="0"/>
						<line number="500" hits="0"/>
						<line number="501" hits="0"/>
						<line number="503" hits="0"/>
						<line number="505" hits="0"/>
						<line number="511" hits="0"/>
						<line number="512" hits="0"/>
						<line number="513" hits="0"/>
						<line number="515" hits="1"/>
						<line number="529" hits="0" branch="true" condition-coverage="0% (0/2)" missing-branches="530,535"/>
						<line number="530" hits="0"/>
						<line number="532" hits="0"/>
						<line number="533" hits="0"/>
						<line number="535" hits="0"/>
						<line number="536" hits="0"/>
						<line number="540" hits="1"/>
						<line number="550" hits="0"/>
						<line number="551" hits="0"/>
						<line number="553" hits="0"/>
						<line number="554" hits="0" branch="true" condition-coverage="0% (0/2)" missing-branches="555,559"/>
						<line number="555" hits="0" branch="true" condition-coverage="0% (0/2)" missing-branches="556,557"/>
						<line number="556" hits="0"/>
						<line number="557" hits="0"/>
						<line number="558" hits="0"/>
						<line number="559" hits="0"/>
						<line number="561" hits="0"/>
						<line number="566" hits="1"/>
					</lines>
				</class>
			</classes>
		</package>
	</packages>
</coverage>
